<?xml version="1.0" encoding="UTF-8"?>
<!-- Generated by org.testng.reporters.JUnitXMLReporter -->
<testsuite hostname="BWCDPH2" ignored="0" name="Default test" tests="11" failures="0" timestamp="22 Mar 2019 12:33:22 GMT" time="376.843" errors="0">
  <testcase name="Run_Hancock_Data" time="33.663" classname="Automation.Claims.SerengetTest"/>
  <testcase name="Run_Hancock_Data" time="32.193" classname="Automation.Claims.SerengetTest"/>
  <testcase name="Run_Hancock_Data" time="32.82" classname="Automation.Claims.SerengetTest"/>
  <testcase name="Run_Hancock_Data" time="33.402" classname="Automation.Claims.SerengetTest"/>
  <testcase name="Run_Hancock_Data" time="32.131" classname="Automation.Claims.SerengetTest"/>
  <testcase name="Run_Hancock_Data" time="33.843" classname="Automation.Claims.SerengetTest"/>
  <testcase name="Run_Hancock_Data" time="32.92" classname="Automation.Claims.SerengetTest"/>
  <testcase name="Run_Hancock_Data" time="32.932" classname="Automation.Claims.SerengetTest"/>
  <testcase name="Run_Hancock_Data" time="31.188" classname="Automation.Claims.SerengetTest"/>
  <testcase name="Run_Hancock_Data" time="31.959" classname="Automation.Claims.SerengetTest"/>
  <testcase name="Run_Hancock_Data" time="32.16" classname="Automation.Claims.SerengetTest"/>
</testsuite> <!-- Default test -->
