<?xml version="1.0" encoding="UTF-8"?>
<!-- Generated by org.testng.reporters.JUnitXMLReporter -->
<testsuite ignored="0" hostname="HWYRSQ2" failures="0" tests="15" name="Test1" time="15.991" errors="0" timestamp="21 Nov 2018 19:28:08 GMT">
  <testcase classname="Automation.Claims.Claims_Contact_Assist_RunTest" name="RunClaims_Contact_Assis2" time="0.024"/>
  <testcase classname="Automation.Claims.Claims_Contact_Assist_RunTest" name="RunClaims_Contact_Assis2" time="0.039"/>
  <testcase classname="Automation.Claims.Claims_Contact_Assist_RunTest" name="RunClaims_Contact_Assis2" time="0.038"/>
  <testcase classname="Automation.Claims.Claims_Contact_Assist_RunTest" name="RunClaims_Contact_Assis2" time="0.04"/>
  <testcase classname="Automation.Claims.Claims_Contact_Assist_RunTest" name="RunClaims_Contact_Assis2" time="0.096"/>
  <testcase classname="Automation.Claims.Claims_Contact_Assist_RunTest" name="RunClaims_Contact_Assis2" time="1.452"/>
  <testcase classname="Automation.Claims.Claims_Contact_Assist_RunTest" name="RunClaims_Contact_Assis2" time="2.238"/>
  <testcase classname="Automation.Claims.Claims_Contact_Assist_RunTest" name="RunClaims_Contact_Assis2" time="2.244"/>
  <testcase classname="Automation.Claims.Claims_Contact_Assist_RunTest" name="RunClaims_Contact_Assis2" time="2.246"/>
  <testcase classname="Automation.Claims.Claims_Contact_Assist_RunTest" name="RunClaims_Contact_Assis2" time="2.299"/>
  <testcase classname="Automation.Claims.Claims_Contact_Assist_RunTest" name="RunClaims_Contact_Assist1" time="1.873"/>
  <testcase classname="Automation.Claims.Claims_Contact_Assist_RunTest" name="RunClaims_Contact_Assist1" time="1.878"/>
  <testcase classname="Automation.Claims.Claims_Contact_Assist_RunTest" name="RunClaims_Contact_Assist1" time="1.88"/>
  <testcase classname="Automation.Claims.Claims_Contact_Assist_RunTest" name="RunClaims_Contact_Assist1" time="1.885"/>
  <testcase classname="Automation.Claims.Claims_Contact_Assist_RunTest" name="RunClaims_Contact_Assist1" time="1.919"/>
</testsuite> <!-- Test1 -->
