<?xml version="1.0" encoding="UTF-8"?>
<!-- Generated by org.testng.reporters.JUnitReportReporter -->
<testsuite skipped="0" hostname="BWCDPH2" name="Automation.Claims.Claims_Checks_Cleared_RunTest" tests="3999" failures="0" timestamp="12 Dec 2018 04:25:39 GMT" time="19198.309" errors="0">
  <testcase name="Run_Claims_Checks_Cleared" time="5.668" classname="Automation.Claims.Claims_Checks_Cleared_RunTest"/>
  <testcase name="Run_Claims_Checks_Cleared" time="4.453" classname="Automation.Claims.Claims_Checks_Cleared_RunTest"/>
  <testcase name="Run_Claims_Checks_Cleared" time="4.376" classname="Automation.Claims.Claims_Checks_Cleared_RunTest"/>
  <testcase name="Run_Claims_Checks_Cleared" time="4.490" classname="Automation.Claims.Claims_Checks_Cleared_RunTest"/>
  <testcase name="Run_Claims_Checks_Cleared" time="4.086" classname="Automation.Claims.Claims_Checks_Cleared_RunTest"/>
  <testcase name="Run_Claims_Checks_Cleared" time="5.203" classname="Automation.Claims.Claims_Checks_Cleared_RunTest"/>
  <testcase name="Run_Claims_Checks_Cleared" time="4.386" classname="Automation.Claims.Claims_Checks_Cleared_RunTest"/>
  <testcase name="Run_Claims_Checks_Cleared" time="4.512" classname="Automation.Claims.Claims_Checks_Cleared_RunTest"/>
  <testcase name="Run_Claims_Checks_Cleared" time="4.419" classname="Automation.Claims.Claims_Checks_Cleared_RunTest"/>
  <testcase name="Run_Claims_Checks_Cleared" time="4.423" classname="Automation.Claims.Claims_Checks_Cleared_RunTest"/>
  <testcase name="Run_Claims_Checks_Cleared" time="6.331" classname="Automation.Claims.Claims_Checks_Cleared_RunTest"/>
  <testcase name="Run_Claims_Checks_Cleared" time="4.628" classname="Automation.Claims.Claims_Checks_Cleared_RunTest"/>
  <testcase name="Run_Claims_Checks_Cleared" time="4.266" classname="Automation.Claims.Claims_Checks_Cleared_RunTest"/>
  <testcase name="Run_Claims_Checks_Cleared" time="4.609" classname="Automation.Claims.Claims_Checks_Cleared_RunTest"/>
  <testcase name="Run_Claims_Checks_Cleared" time="4.130" classname="Automation.Claims.Claims_Checks_Cleared_RunTest"/>
  <testcase name="Run_Claims_Checks_Cleared" time="4.207" classname="Automation.Claims.Claims_Checks_Cleared_RunTest"/>
  <testcase name="Run_Claims_Checks_Cleared" time="4.413" classname="Automation.Claims.Claims_Checks_Cleared_RunTest"/>
  <testcase name="Run_Claims_Checks_Cleared" time="5.995" classname="Automation.Claims.Claims_Checks_Cleared_RunTest"/>
  <testcase name="Run_Claims_Checks_Cleared" time="5.176" classname="Automation.Claims.Claims_Checks_Cleared_RunTest"/>
  <testcase name="Run_Claims_Checks_Cleared" time="4.849" classname="Automation.Claims.Claims_Checks_Cleared_RunTest"/>
  <testcase name="Run_Claims_Checks_Cleared" time="4.456" classname="Automation.Claims.Claims_Checks_Cleared_RunTest"/>
  <testcase name="Run_Claims_Checks_Cleared" time="4.672" classname="Automation.Claims.Claims_Checks_Cleared_RunTest"/>
  <testcase name="Run_Claims_Checks_Cleared" time="4.621" classname="Automation.Claims.Claims_Checks_Cleared_RunTest"/>
  <testcase name="Run_Claims_Checks_Cleared" time="4.956" classname="Automation.Claims.Claims_Checks_Cleared_RunTest"/>
  <testcase name="Run_Claims_Checks_Cleared" time="5.017" classname="Automation.Claims.Claims_Checks_Cleared_RunTest"/>
  <testcase name="Run_Claims_Checks_Cleared" time="4.550" classname="Automation.Claims.Claims_Checks_Cleared_RunTest"/>
  <testcase name="Run_Claims_Checks_Cleared" time="5.199" classname="Automation.Claims.Claims_Checks_Cleared_RunTest"/>
  <testcase name="Run_Claims_Checks_Cleared" time="4.547" classname="Automation.Claims.Claims_Checks_Cleared_RunTest"/>
  <testcase name="Run_Claims_Checks_Cleared" time="5.575" classname="Automation.Claims.Claims_Checks_Cleared_RunTest"/>
  <testcase name="Run_Claims_Checks_Cleared" time="4.452" classname="Automation.Claims.Claims_Checks_Cleared_RunTest"/>
  <testcase name="Run_Claims_Checks_Cleared" time="4.969" classname="Automation.Claims.Claims_Checks_Cleared_RunTest"/>
  <testcase name="Run_Claims_Checks_Cleared" time="4.534" classname="Automation.Claims.Claims_Checks_Cleared_RunTest"/>
  <testcase name="Run_Claims_Checks_Cleared" time="5.991" classname="Automation.Claims.Claims_Checks_Cleared_RunTest"/>
  <testcase name="Run_Claims_Checks_Cleared" time="4.815" classname="Automation.Claims.Claims_Checks_Cleared_RunTest"/>
  <testcase name="Run_Claims_Checks_Cleared" time="4.784" classname="Automation.Claims.Claims_Checks_Cleared_RunTest"/>
  <testcase name="Run_Claims_Checks_Cleared" time="4.423" classname="Automation.Claims.Claims_Checks_Cleared_RunTest"/>
  <testcase name="Run_Claims_Checks_Cleared" time="4.393" classname="Automation.Claims.Claims_Checks_Cleared_RunTest"/>
  <testcase name="Run_Claims_Checks_Cleared" time="5.008" classname="Automation.Claims.Claims_Checks_Cleared_RunTest"/>
  <testcase name="Run_Claims_Checks_Cleared" time="6.748" classname="Automation.Claims.Claims_Checks_Cleared_RunTest"/>
  <testcase name="Run_Claims_Checks_Cleared" time="4.642" classname="Automation.Claims.Claims_Checks_Cleared_RunTest"/>
  <testcase name="Run_Claims_Checks_Cleared" time="4.594" classname="Automation.Claims.Claims_Checks_Cleared_RunTest"/>
  <testcase name="Run_Claims_Checks_Cleared" time="4.471" classname="Automation.Claims.Claims_Checks_Cleared_RunTest"/>
  <testcase name="Run_Claims_Checks_Cleared" time="4.238" classname="Automation.Claims.Claims_Checks_Cleared_RunTest"/>
  <testcase name="Run_Claims_Checks_Cleared" time="4.679" classname="Automation.Claims.Claims_Checks_Cleared_RunTest"/>
  <testcase name="Run_Claims_Checks_Cleared" time="4.787" classname="Automation.Claims.Claims_Checks_Cleared_RunTest"/>
  <testcase name="Run_Claims_Checks_Cleared" time="4.739" classname="Automation.Claims.Claims_Checks_Cleared_RunTest"/>
  <testcase name="Run_Claims_Checks_Cleared" time="4.390" classname="Automation.Claims.Claims_Checks_Cleared_RunTest"/>
  <testcase name="Run_Claims_Checks_Cleared" time="4.876" classname="Automation.Claims.Claims_Checks_Cleared_RunTest"/>
  <testcase name="Run_Claims_Checks_Cleared" time="4.475" classname="Automation.Claims.Claims_Checks_Cleared_RunTest"/>
  <testcase name="Run_Claims_Checks_Cleared" time="4.871" classname="Automation.Claims.Claims_Checks_Cleared_RunTest"/>
  <testcase name="Run_Claims_Checks_Cleared" time="4.615" classname="Automation.Claims.Claims_Checks_Cleared_RunTest"/>
  <testcase name="Run_Claims_Checks_Cleared" time="4.222" classname="Automation.Claims.Claims_Checks_Cleared_RunTest"/>
  <testcase name="Run_Claims_Checks_Cleared" time="4.303" classname="Automation.Claims.Claims_Checks_Cleared_RunTest"/>
  <testcase name="Run_Claims_Checks_Cleared" time="4.728" classname="Automation.Claims.Claims_Checks_Cleared_RunTest"/>
  <testcase name="Run_Claims_Checks_Cleared" time="4.332" classname="Automation.Claims.Claims_Checks_Cleared_RunTest"/>
  <testcase name="Run_Claims_Checks_Cleared" time="5.355" classname="Automation.Claims.Claims_Checks_Cleared_RunTest"/>
  <testcase name="Run_Claims_Checks_Cleared" time="4.317" classname="Automation.Claims.Claims_Checks_Cleared_RunTest"/>
  <testcase name="Run_Claims_Checks_Cleared" time="4.384" classname="Automation.Claims.Claims_Checks_Cleared_RunTest"/>
  <testcase name="Run_Claims_Checks_Cleared" time="4.512" classname="Automation.Claims.Claims_Checks_Cleared_RunTest"/>
  <testcase name="Run_Claims_Checks_Cleared" time="4.774" classname="Automation.Claims.Claims_Checks_Cleared_RunTest"/>
  <testcase name="Run_Claims_Checks_Cleared" time="4.603" classname="Automation.Claims.Claims_Checks_Cleared_RunTest"/>
  <testcase name="Run_Claims_Checks_Cleared" time="4.830" classname="Automation.Claims.Claims_Checks_Cleared_RunTest"/>
  <testcase name="Run_Claims_Checks_Cleared" time="4.614" classname="Automation.Claims.Claims_Checks_Cleared_RunTest"/>
  <testcase name="Run_Claims_Checks_Cleared" time="4.623" classname="Automation.Claims.Claims_Checks_Cleared_RunTest"/>
  <testcase name="Run_Claims_Checks_Cleared" time="4.654" classname="Automation.Claims.Claims_Checks_Cleared_RunTest"/>
  <testcase name="Run_Claims_Checks_Cleared" time="4.606" classname="Automation.Claims.Claims_Checks_Cleared_RunTest"/>
  <testcase name="Run_Claims_Checks_Cleared" time="4.613" classname="Automation.Claims.Claims_Checks_Cleared_RunTest"/>
  <testcase name="Run_Claims_Checks_Cleared" time="4.636" classname="Automation.Claims.Claims_Checks_Cleared_RunTest"/>
  <testcase name="Run_Claims_Checks_Cleared" time="4.184" classname="Automation.Claims.Claims_Checks_Cleared_RunTest"/>
  <testcase name="Run_Claims_Checks_Cleared" time="4.607" classname="Automation.Claims.Claims_Checks_Cleared_RunTest"/>
  <testcase name="Run_Claims_Checks_Cleared" time="5.322" classname="Automation.Claims.Claims_Checks_Cleared_RunTest"/>
  <testcase name="Run_Claims_Checks_Cleared" time="4.796" classname="Automation.Claims.Claims_Checks_Cleared_RunTest"/>
  <testcase name="Run_Claims_Checks_Cleared" time="4.326" classname="Automation.Claims.Claims_Checks_Cleared_RunTest"/>
  <testcase name="Run_Claims_Checks_Cleared" time="4.584" classname="Automation.Claims.Claims_Checks_Cleared_RunTest"/>
  <testcase name="Run_Claims_Checks_Cleared" time="4.444" classname="Automation.Claims.Claims_Checks_Cleared_RunTest"/>
  <testcase name="Run_Claims_Checks_Cleared" time="4.581" classname="Automation.Claims.Claims_Checks_Cleared_RunTest"/>
  <testcase name="Run_Claims_Checks_Cleared" time="4.141" classname="Automation.Claims.Claims_Checks_Cleared_RunTest"/>
  <testcase name="Run_Claims_Checks_Cleared" time="4.770" classname="Automation.Claims.Claims_Checks_Cleared_RunTest"/>
  <testcase name="Run_Claims_Checks_Cleared" time="4.615" classname="Automation.Claims.Claims_Checks_Cleared_RunTest"/>
  <testcase name="Run_Claims_Checks_Cleared" time="4.523" classname="Automation.Claims.Claims_Checks_Cleared_RunTest"/>
  <testcase name="Run_Claims_Checks_Cleared" time="4.429" classname="Automation.Claims.Claims_Checks_Cleared_RunTest"/>
  <testcase name="Run_Claims_Checks_Cleared" time="4.692" classname="Automation.Claims.Claims_Checks_Cleared_RunTest"/>
  <testcase name="Run_Claims_Checks_Cleared" time="4.308" classname="Automation.Claims.Claims_Checks_Cleared_RunTest"/>
  <testcase name="Run_Claims_Checks_Cleared" time="4.536" classname="Automation.Claims.Claims_Checks_Cleared_RunTest"/>
  <testcase name="Run_Claims_Checks_Cleared" time="4.465" classname="Automation.Claims.Claims_Checks_Cleared_RunTest"/>
  <testcase name="Run_Claims_Checks_Cleared" time="4.267" classname="Automation.Claims.Claims_Checks_Cleared_RunTest"/>
  <testcase name="Run_Claims_Checks_Cleared" time="4.687" classname="Automation.Claims.Claims_Checks_Cleared_RunTest"/>
  <testcase name="Run_Claims_Checks_Cleared" time="4.622" classname="Automation.Claims.Claims_Checks_Cleared_RunTest"/>
  <testcase name="Run_Claims_Checks_Cleared" time="4.357" classname="Automation.Claims.Claims_Checks_Cleared_RunTest"/>
  <testcase name="Run_Claims_Checks_Cleared" time="4.760" classname="Automation.Claims.Claims_Checks_Cleared_RunTest"/>
  <testcase name="Run_Claims_Checks_Cleared" time="5.230" classname="Automation.Claims.Claims_Checks_Cleared_RunTest"/>
  <testcase name="Run_Claims_Checks_Cleared" time="4.863" classname="Automation.Claims.Claims_Checks_Cleared_RunTest"/>
  <testcase name="Run_Claims_Checks_Cleared" time="4.600" classname="Automation.Claims.Claims_Checks_Cleared_RunTest"/>
  <testcase name="Run_Claims_Checks_Cleared" time="6.096" classname="Automation.Claims.Claims_Checks_Cleared_RunTest"/>
  <testcase name="Run_Claims_Checks_Cleared" time="4.721" classname="Automation.Claims.Claims_Checks_Cleared_RunTest"/>
  <testcase name="Run_Claims_Checks_Cleared" time="5.592" classname="Automation.Claims.Claims_Checks_Cleared_RunTest"/>
  <testcase name="Run_Claims_Checks_Cleared" time="4.344" classname="Automation.Claims.Claims_Checks_Cleared_RunTest"/>
  <testcase name="Run_Claims_Checks_Cleared" time="4.929" classname="Automation.Claims.Claims_Checks_Cleared_RunTest"/>
  <testcase name="Run_Claims_Checks_Cleared" time="4.630" classname="Automation.Claims.Claims_Checks_Cleared_RunTest"/>
  <testcase name="Run_Claims_Checks_Cleared" time="4.476" classname="Automation.Claims.Claims_Checks_Cleared_RunTest"/>
  <testcase name="Run_Claims_Checks_Cleared" time="4.563" classname="Automation.Claims.Claims_Checks_Cleared_RunTest"/>
  <testcase name="Run_Claims_Checks_Cleared" time="4.709" classname="Automation.Claims.Claims_Checks_Cleared_RunTest"/>
  <testcase name="Run_Claims_Checks_Cleared" time="4.506" classname="Automation.Claims.Claims_Checks_Cleared_RunTest"/>
  <testcase name="Run_Claims_Checks_Cleared" time="5.522" classname="Automation.Claims.Claims_Checks_Cleared_RunTest"/>
  <testcase name="Run_Claims_Checks_Cleared" time="4.401" classname="Automation.Claims.Claims_Checks_Cleared_RunTest"/>
  <testcase name="Run_Claims_Checks_Cleared" time="4.114" classname="Automation.Claims.Claims_Checks_Cleared_RunTest"/>
  <testcase name="Run_Claims_Checks_Cleared" time="4.668" classname="Automation.Claims.Claims_Checks_Cleared_RunTest"/>
  <testcase name="Run_Claims_Checks_Cleared" time="5.617" classname="Automation.Claims.Claims_Checks_Cleared_RunTest"/>
  <testcase name="Run_Claims_Checks_Cleared" time="5.599" classname="Automation.Claims.Claims_Checks_Cleared_RunTest"/>
  <testcase name="Run_Claims_Checks_Cleared" time="4.640" classname="Automation.Claims.Claims_Checks_Cleared_RunTest"/>
  <testcase name="Run_Claims_Checks_Cleared" time="4.362" classname="Automation.Claims.Claims_Checks_Cleared_RunTest"/>
  <testcase name="Run_Claims_Checks_Cleared" time="4.666" classname="Automation.Claims.Claims_Checks_Cleared_RunTest"/>
  <testcase name="Run_Claims_Checks_Cleared" time="4.531" classname="Automation.Claims.Claims_Checks_Cleared_RunTest"/>
  <testcase name="Run_Claims_Checks_Cleared" time="4.321" classname="Automation.Claims.Claims_Checks_Cleared_RunTest"/>
  <testcase name="Run_Claims_Checks_Cleared" time="4.646" classname="Automation.Claims.Claims_Checks_Cleared_RunTest"/>
  <testcase name="Run_Claims_Checks_Cleared" time="4.437" classname="Automation.Claims.Claims_Checks_Cleared_RunTest"/>
  <testcase name="Run_Claims_Checks_Cleared" time="5.200" classname="Automation.Claims.Claims_Checks_Cleared_RunTest"/>
  <testcase name="Run_Claims_Checks_Cleared" time="5.375" classname="Automation.Claims.Claims_Checks_Cleared_RunTest"/>
  <testcase name="Run_Claims_Checks_Cleared" time="4.169" classname="Automation.Claims.Claims_Checks_Cleared_RunTest"/>
  <testcase name="Run_Claims_Checks_Cleared" time="4.756" classname="Automation.Claims.Claims_Checks_Cleared_RunTest"/>
  <testcase name="Run_Claims_Checks_Cleared" time="4.521" classname="Automation.Claims.Claims_Checks_Cleared_RunTest"/>
  <testcase name="Run_Claims_Checks_Cleared" time="5.396" classname="Automation.Claims.Claims_Checks_Cleared_RunTest"/>
  <testcase name="Run_Claims_Checks_Cleared" time="4.109" classname="Automation.Claims.Claims_Checks_Cleared_RunTest"/>
  <testcase name="Run_Claims_Checks_Cleared" time="4.426" classname="Automation.Claims.Claims_Checks_Cleared_RunTest"/>
  <testcase name="Run_Claims_Checks_Cleared" time="4.398" classname="Automation.Claims.Claims_Checks_Cleared_RunTest"/>
  <testcase name="Run_Claims_Checks_Cleared" time="4.428" classname="Automation.Claims.Claims_Checks_Cleared_RunTest"/>
  <testcase name="Run_Claims_Checks_Cleared" time="4.595" classname="Automation.Claims.Claims_Checks_Cleared_RunTest"/>
  <testcase name="Run_Claims_Checks_Cleared" time="4.229" classname="Automation.Claims.Claims_Checks_Cleared_RunTest"/>
  <testcase name="Run_Claims_Checks_Cleared" time="4.507" classname="Automation.Claims.Claims_Checks_Cleared_RunTest"/>
  <testcase name="Run_Claims_Checks_Cleared" time="4.300" classname="Automation.Claims.Claims_Checks_Cleared_RunTest"/>
  <testcase name="Run_Claims_Checks_Cleared" time="4.399" classname="Automation.Claims.Claims_Checks_Cleared_RunTest"/>
  <testcase name="Run_Claims_Checks_Cleared" time="4.885" classname="Automation.Claims.Claims_Checks_Cleared_RunTest"/>
  <testcase name="Run_Claims_Checks_Cleared" time="4.601" classname="Automation.Claims.Claims_Checks_Cleared_RunTest"/>
  <testcase name="Run_Claims_Checks_Cleared" time="4.782" classname="Automation.Claims.Claims_Checks_Cleared_RunTest"/>
  <testcase name="Run_Claims_Checks_Cleared" time="6.903" classname="Automation.Claims.Claims_Checks_Cleared_RunTest"/>
  <testcase name="Run_Claims_Checks_Cleared" time="4.670" classname="Automation.Claims.Claims_Checks_Cleared_RunTest"/>
  <testcase name="Run_Claims_Checks_Cleared" time="4.230" classname="Automation.Claims.Claims_Checks_Cleared_RunTest"/>
  <testcase name="Run_Claims_Checks_Cleared" time="4.668" classname="Automation.Claims.Claims_Checks_Cleared_RunTest"/>
  <testcase name="Run_Claims_Checks_Cleared" time="4.219" classname="Automation.Claims.Claims_Checks_Cleared_RunTest"/>
  <testcase name="Run_Claims_Checks_Cleared" time="5.439" classname="Automation.Claims.Claims_Checks_Cleared_RunTest"/>
  <testcase name="Run_Claims_Checks_Cleared" time="4.752" classname="Automation.Claims.Claims_Checks_Cleared_RunTest"/>
  <testcase name="Run_Claims_Checks_Cleared" time="4.342" classname="Automation.Claims.Claims_Checks_Cleared_RunTest"/>
  <testcase name="Run_Claims_Checks_Cleared" time="5.058" classname="Automation.Claims.Claims_Checks_Cleared_RunTest"/>
  <testcase name="Run_Claims_Checks_Cleared" time="4.572" classname="Automation.Claims.Claims_Checks_Cleared_RunTest"/>
  <testcase name="Run_Claims_Checks_Cleared" time="4.408" classname="Automation.Claims.Claims_Checks_Cleared_RunTest"/>
  <testcase name="Run_Claims_Checks_Cleared" time="4.029" classname="Automation.Claims.Claims_Checks_Cleared_RunTest"/>
  <testcase name="Run_Claims_Checks_Cleared" time="6.295" classname="Automation.Claims.Claims_Checks_Cleared_RunTest"/>
  <testcase name="Run_Claims_Checks_Cleared" time="3.780" classname="Automation.Claims.Claims_Checks_Cleared_RunTest"/>
  <testcase name="Run_Claims_Checks_Cleared" time="4.230" classname="Automation.Claims.Claims_Checks_Cleared_RunTest"/>
  <testcase name="Run_Claims_Checks_Cleared" time="4.482" classname="Automation.Claims.Claims_Checks_Cleared_RunTest"/>
  <testcase name="Run_Claims_Checks_Cleared" time="4.390" classname="Automation.Claims.Claims_Checks_Cleared_RunTest"/>
  <testcase name="Run_Claims_Checks_Cleared" time="4.315" classname="Automation.Claims.Claims_Checks_Cleared_RunTest"/>
  <testcase name="Run_Claims_Checks_Cleared" time="4.800" classname="Automation.Claims.Claims_Checks_Cleared_RunTest"/>
  <testcase name="Run_Claims_Checks_Cleared" time="4.079" classname="Automation.Claims.Claims_Checks_Cleared_RunTest"/>
  <testcase name="Run_Claims_Checks_Cleared" time="4.379" classname="Automation.Claims.Claims_Checks_Cleared_RunTest"/>
  <testcase name="Run_Claims_Checks_Cleared" time="4.838" classname="Automation.Claims.Claims_Checks_Cleared_RunTest"/>
  <testcase name="Run_Claims_Checks_Cleared" time="4.859" classname="Automation.Claims.Claims_Checks_Cleared_RunTest"/>
  <testcase name="Run_Claims_Checks_Cleared" time="4.337" classname="Automation.Claims.Claims_Checks_Cleared_RunTest"/>
  <testcase name="Run_Claims_Checks_Cleared" time="5.567" classname="Automation.Claims.Claims_Checks_Cleared_RunTest"/>
  <testcase name="Run_Claims_Checks_Cleared" time="4.934" classname="Automation.Claims.Claims_Checks_Cleared_RunTest"/>
  <testcase name="Run_Claims_Checks_Cleared" time="4.525" classname="Automation.Claims.Claims_Checks_Cleared_RunTest"/>
  <testcase name="Run_Claims_Checks_Cleared" time="4.516" classname="Automation.Claims.Claims_Checks_Cleared_RunTest"/>
  <testcase name="Run_Claims_Checks_Cleared" time="4.721" classname="Automation.Claims.Claims_Checks_Cleared_RunTest"/>
  <testcase name="Run_Claims_Checks_Cleared" time="4.675" classname="Automation.Claims.Claims_Checks_Cleared_RunTest"/>
  <testcase name="Run_Claims_Checks_Cleared" time="4.598" classname="Automation.Claims.Claims_Checks_Cleared_RunTest"/>
  <testcase name="Run_Claims_Checks_Cleared" time="4.551" classname="Automation.Claims.Claims_Checks_Cleared_RunTest"/>
  <testcase name="Run_Claims_Checks_Cleared" time="4.391" classname="Automation.Claims.Claims_Checks_Cleared_RunTest"/>
  <testcase name="Run_Claims_Checks_Cleared" time="6.371" classname="Automation.Claims.Claims_Checks_Cleared_RunTest"/>
  <testcase name="Run_Claims_Checks_Cleared" time="4.566" classname="Automation.Claims.Claims_Checks_Cleared_RunTest"/>
  <testcase name="Run_Claims_Checks_Cleared" time="4.461" classname="Automation.Claims.Claims_Checks_Cleared_RunTest"/>
  <testcase name="Run_Claims_Checks_Cleared" time="5.149" classname="Automation.Claims.Claims_Checks_Cleared_RunTest"/>
  <testcase name="Run_Claims_Checks_Cleared" time="4.301" classname="Automation.Claims.Claims_Checks_Cleared_RunTest"/>
  <testcase name="Run_Claims_Checks_Cleared" time="4.534" classname="Automation.Claims.Claims_Checks_Cleared_RunTest"/>
  <testcase name="Run_Claims_Checks_Cleared" time="4.767" classname="Automation.Claims.Claims_Checks_Cleared_RunTest"/>
  <testcase name="Run_Claims_Checks_Cleared" time="4.349" classname="Automation.Claims.Claims_Checks_Cleared_RunTest"/>
  <testcase name="Run_Claims_Checks_Cleared" time="4.672" classname="Automation.Claims.Claims_Checks_Cleared_RunTest"/>
  <testcase name="Run_Claims_Checks_Cleared" time="4.495" classname="Automation.Claims.Claims_Checks_Cleared_RunTest"/>
  <testcase name="Run_Claims_Checks_Cleared" time="4.967" classname="Automation.Claims.Claims_Checks_Cleared_RunTest"/>
  <testcase name="Run_Claims_Checks_Cleared" time="4.325" classname="Automation.Claims.Claims_Checks_Cleared_RunTest"/>
  <testcase name="Run_Claims_Checks_Cleared" time="4.603" classname="Automation.Claims.Claims_Checks_Cleared_RunTest"/>
  <testcase name="Run_Claims_Checks_Cleared" time="4.657" classname="Automation.Claims.Claims_Checks_Cleared_RunTest"/>
  <testcase name="Run_Claims_Checks_Cleared" time="4.259" classname="Automation.Claims.Claims_Checks_Cleared_RunTest"/>
  <testcase name="Run_Claims_Checks_Cleared" time="5.042" classname="Automation.Claims.Claims_Checks_Cleared_RunTest"/>
  <testcase name="Run_Claims_Checks_Cleared" time="5.508" classname="Automation.Claims.Claims_Checks_Cleared_RunTest"/>
  <testcase name="Run_Claims_Checks_Cleared" time="3.728" classname="Automation.Claims.Claims_Checks_Cleared_RunTest"/>
  <testcase name="Run_Claims_Checks_Cleared" time="4.512" classname="Automation.Claims.Claims_Checks_Cleared_RunTest"/>
  <testcase name="Run_Claims_Checks_Cleared" time="4.333" classname="Automation.Claims.Claims_Checks_Cleared_RunTest"/>
  <testcase name="Run_Claims_Checks_Cleared" time="4.538" classname="Automation.Claims.Claims_Checks_Cleared_RunTest"/>
  <testcase name="Run_Claims_Checks_Cleared" time="4.570" classname="Automation.Claims.Claims_Checks_Cleared_RunTest"/>
  <testcase name="Run_Claims_Checks_Cleared" time="5.011" classname="Automation.Claims.Claims_Checks_Cleared_RunTest"/>
  <testcase name="Run_Claims_Checks_Cleared" time="4.840" classname="Automation.Claims.Claims_Checks_Cleared_RunTest"/>
  <testcase name="Run_Claims_Checks_Cleared" time="4.641" classname="Automation.Claims.Claims_Checks_Cleared_RunTest"/>
  <testcase name="Run_Claims_Checks_Cleared" time="4.604" classname="Automation.Claims.Claims_Checks_Cleared_RunTest"/>
  <testcase name="Run_Claims_Checks_Cleared" time="5.051" classname="Automation.Claims.Claims_Checks_Cleared_RunTest"/>
  <testcase name="Run_Claims_Checks_Cleared" time="4.936" classname="Automation.Claims.Claims_Checks_Cleared_RunTest"/>
  <testcase name="Run_Claims_Checks_Cleared" time="5.869" classname="Automation.Claims.Claims_Checks_Cleared_RunTest"/>
  <testcase name="Run_Claims_Checks_Cleared" time="5.268" classname="Automation.Claims.Claims_Checks_Cleared_RunTest"/>
  <testcase name="Run_Claims_Checks_Cleared" time="4.319" classname="Automation.Claims.Claims_Checks_Cleared_RunTest"/>
  <testcase name="Run_Claims_Checks_Cleared" time="4.455" classname="Automation.Claims.Claims_Checks_Cleared_RunTest"/>
  <testcase name="Run_Claims_Checks_Cleared" time="5.312" classname="Automation.Claims.Claims_Checks_Cleared_RunTest"/>
  <testcase name="Run_Claims_Checks_Cleared" time="4.665" classname="Automation.Claims.Claims_Checks_Cleared_RunTest"/>
  <testcase name="Run_Claims_Checks_Cleared" time="4.749" classname="Automation.Claims.Claims_Checks_Cleared_RunTest"/>
  <testcase name="Run_Claims_Checks_Cleared" time="4.722" classname="Automation.Claims.Claims_Checks_Cleared_RunTest"/>
  <testcase name="Run_Claims_Checks_Cleared" time="4.705" classname="Automation.Claims.Claims_Checks_Cleared_RunTest"/>
  <testcase name="Run_Claims_Checks_Cleared" time="4.650" classname="Automation.Claims.Claims_Checks_Cleared_RunTest"/>
  <testcase name="Run_Claims_Checks_Cleared" time="4.413" classname="Automation.Claims.Claims_Checks_Cleared_RunTest"/>
  <testcase name="Run_Claims_Checks_Cleared" time="4.624" classname="Automation.Claims.Claims_Checks_Cleared_RunTest"/>
  <testcase name="Run_Claims_Checks_Cleared" time="4.367" classname="Automation.Claims.Claims_Checks_Cleared_RunTest"/>
  <testcase name="Run_Claims_Checks_Cleared" time="5.300" classname="Automation.Claims.Claims_Checks_Cleared_RunTest"/>
  <testcase name="Run_Claims_Checks_Cleared" time="6.000" classname="Automation.Claims.Claims_Checks_Cleared_RunTest"/>
  <testcase name="Run_Claims_Checks_Cleared" time="4.677" classname="Automation.Claims.Claims_Checks_Cleared_RunTest"/>
  <testcase name="Run_Claims_Checks_Cleared" time="4.277" classname="Automation.Claims.Claims_Checks_Cleared_RunTest"/>
  <testcase name="Run_Claims_Checks_Cleared" time="4.471" classname="Automation.Claims.Claims_Checks_Cleared_RunTest"/>
  <testcase name="Run_Claims_Checks_Cleared" time="4.362" classname="Automation.Claims.Claims_Checks_Cleared_RunTest"/>
  <testcase name="Run_Claims_Checks_Cleared" time="5.177" classname="Automation.Claims.Claims_Checks_Cleared_RunTest"/>
  <testcase name="Run_Claims_Checks_Cleared" time="4.317" classname="Automation.Claims.Claims_Checks_Cleared_RunTest"/>
  <testcase name="Run_Claims_Checks_Cleared" time="4.605" classname="Automation.Claims.Claims_Checks_Cleared_RunTest"/>
  <testcase name="Run_Claims_Checks_Cleared" time="4.771" classname="Automation.Claims.Claims_Checks_Cleared_RunTest"/>
  <testcase name="Run_Claims_Checks_Cleared" time="4.870" classname="Automation.Claims.Claims_Checks_Cleared_RunTest"/>
  <testcase name="Run_Claims_Checks_Cleared" time="5.373" classname="Automation.Claims.Claims_Checks_Cleared_RunTest"/>
  <testcase name="Run_Claims_Checks_Cleared" time="5.163" classname="Automation.Claims.Claims_Checks_Cleared_RunTest"/>
  <testcase name="Run_Claims_Checks_Cleared" time="4.235" classname="Automation.Claims.Claims_Checks_Cleared_RunTest"/>
  <testcase name="Run_Claims_Checks_Cleared" time="4.505" classname="Automation.Claims.Claims_Checks_Cleared_RunTest"/>
  <testcase name="Run_Claims_Checks_Cleared" time="4.850" classname="Automation.Claims.Claims_Checks_Cleared_RunTest"/>
  <testcase name="Run_Claims_Checks_Cleared" time="4.208" classname="Automation.Claims.Claims_Checks_Cleared_RunTest"/>
  <testcase name="Run_Claims_Checks_Cleared" time="4.207" classname="Automation.Claims.Claims_Checks_Cleared_RunTest"/>
  <testcase name="Run_Claims_Checks_Cleared" time="4.365" classname="Automation.Claims.Claims_Checks_Cleared_RunTest"/>
  <testcase name="Run_Claims_Checks_Cleared" time="4.336" classname="Automation.Claims.Claims_Checks_Cleared_RunTest"/>
  <testcase name="Run_Claims_Checks_Cleared" time="4.896" classname="Automation.Claims.Claims_Checks_Cleared_RunTest"/>
  <testcase name="Run_Claims_Checks_Cleared" time="4.512" classname="Automation.Claims.Claims_Checks_Cleared_RunTest"/>
  <testcase name="Run_Claims_Checks_Cleared" time="4.859" classname="Automation.Claims.Claims_Checks_Cleared_RunTest"/>
  <testcase name="Run_Claims_Checks_Cleared" time="5.534" classname="Automation.Claims.Claims_Checks_Cleared_RunTest"/>
  <testcase name="Run_Claims_Checks_Cleared" time="5.087" classname="Automation.Claims.Claims_Checks_Cleared_RunTest"/>
  <testcase name="Run_Claims_Checks_Cleared" time="4.722" classname="Automation.Claims.Claims_Checks_Cleared_RunTest"/>
  <testcase name="Run_Claims_Checks_Cleared" time="4.587" classname="Automation.Claims.Claims_Checks_Cleared_RunTest"/>
  <testcase name="Run_Claims_Checks_Cleared" time="4.899" classname="Automation.Claims.Claims_Checks_Cleared_RunTest"/>
  <testcase name="Run_Claims_Checks_Cleared" time="4.619" classname="Automation.Claims.Claims_Checks_Cleared_RunTest"/>
  <testcase name="Run_Claims_Checks_Cleared" time="5.402" classname="Automation.Claims.Claims_Checks_Cleared_RunTest"/>
  <testcase name="Run_Claims_Checks_Cleared" time="4.858" classname="Automation.Claims.Claims_Checks_Cleared_RunTest"/>
  <testcase name="Run_Claims_Checks_Cleared" time="4.264" classname="Automation.Claims.Claims_Checks_Cleared_RunTest"/>
  <testcase name="Run_Claims_Checks_Cleared" time="4.239" classname="Automation.Claims.Claims_Checks_Cleared_RunTest"/>
  <testcase name="Run_Claims_Checks_Cleared" time="5.264" classname="Automation.Claims.Claims_Checks_Cleared_RunTest"/>
  <testcase name="Run_Claims_Checks_Cleared" time="4.394" classname="Automation.Claims.Claims_Checks_Cleared_RunTest"/>
  <testcase name="Run_Claims_Checks_Cleared" time="6.216" classname="Automation.Claims.Claims_Checks_Cleared_RunTest"/>
  <testcase name="Run_Claims_Checks_Cleared" time="5.129" classname="Automation.Claims.Claims_Checks_Cleared_RunTest"/>
  <testcase name="Run_Claims_Checks_Cleared" time="4.867" classname="Automation.Claims.Claims_Checks_Cleared_RunTest"/>
  <testcase name="Run_Claims_Checks_Cleared" time="5.162" classname="Automation.Claims.Claims_Checks_Cleared_RunTest"/>
  <testcase name="Run_Claims_Checks_Cleared" time="4.470" classname="Automation.Claims.Claims_Checks_Cleared_RunTest"/>
  <testcase name="Run_Claims_Checks_Cleared" time="5.532" classname="Automation.Claims.Claims_Checks_Cleared_RunTest"/>
  <testcase name="Run_Claims_Checks_Cleared" time="4.520" classname="Automation.Claims.Claims_Checks_Cleared_RunTest"/>
  <testcase name="Run_Claims_Checks_Cleared" time="5.459" classname="Automation.Claims.Claims_Checks_Cleared_RunTest"/>
  <testcase name="Run_Claims_Checks_Cleared" time="4.673" classname="Automation.Claims.Claims_Checks_Cleared_RunTest"/>
  <testcase name="Run_Claims_Checks_Cleared" time="4.344" classname="Automation.Claims.Claims_Checks_Cleared_RunTest"/>
  <testcase name="Run_Claims_Checks_Cleared" time="5.321" classname="Automation.Claims.Claims_Checks_Cleared_RunTest"/>
  <testcase name="Run_Claims_Checks_Cleared" time="4.508" classname="Automation.Claims.Claims_Checks_Cleared_RunTest"/>
  <testcase name="Run_Claims_Checks_Cleared" time="4.670" classname="Automation.Claims.Claims_Checks_Cleared_RunTest"/>
  <testcase name="Run_Claims_Checks_Cleared" time="4.653" classname="Automation.Claims.Claims_Checks_Cleared_RunTest"/>
  <testcase name="Run_Claims_Checks_Cleared" time="4.385" classname="Automation.Claims.Claims_Checks_Cleared_RunTest"/>
  <testcase name="Run_Claims_Checks_Cleared" time="4.231" classname="Automation.Claims.Claims_Checks_Cleared_RunTest"/>
  <testcase name="Run_Claims_Checks_Cleared" time="4.609" classname="Automation.Claims.Claims_Checks_Cleared_RunTest"/>
  <testcase name="Run_Claims_Checks_Cleared" time="4.868" classname="Automation.Claims.Claims_Checks_Cleared_RunTest"/>
  <testcase name="Run_Claims_Checks_Cleared" time="4.515" classname="Automation.Claims.Claims_Checks_Cleared_RunTest"/>
  <testcase name="Run_Claims_Checks_Cleared" time="4.654" classname="Automation.Claims.Claims_Checks_Cleared_RunTest"/>
  <testcase name="Run_Claims_Checks_Cleared" time="4.236" classname="Automation.Claims.Claims_Checks_Cleared_RunTest"/>
  <testcase name="Run_Claims_Checks_Cleared" time="4.901" classname="Automation.Claims.Claims_Checks_Cleared_RunTest"/>
  <testcase name="Run_Claims_Checks_Cleared" time="4.939" classname="Automation.Claims.Claims_Checks_Cleared_RunTest"/>
  <testcase name="Run_Claims_Checks_Cleared" time="4.872" classname="Automation.Claims.Claims_Checks_Cleared_RunTest"/>
  <testcase name="Run_Claims_Checks_Cleared" time="4.757" classname="Automation.Claims.Claims_Checks_Cleared_RunTest"/>
  <testcase name="Run_Claims_Checks_Cleared" time="4.780" classname="Automation.Claims.Claims_Checks_Cleared_RunTest"/>
  <testcase name="Run_Claims_Checks_Cleared" time="4.184" classname="Automation.Claims.Claims_Checks_Cleared_RunTest"/>
  <testcase name="Run_Claims_Checks_Cleared" time="5.836" classname="Automation.Claims.Claims_Checks_Cleared_RunTest"/>
  <testcase name="Run_Claims_Checks_Cleared" time="4.233" classname="Automation.Claims.Claims_Checks_Cleared_RunTest"/>
  <testcase name="Run_Claims_Checks_Cleared" time="4.477" classname="Automation.Claims.Claims_Checks_Cleared_RunTest"/>
  <testcase name="Run_Claims_Checks_Cleared" time="4.234" classname="Automation.Claims.Claims_Checks_Cleared_RunTest"/>
  <testcase name="Run_Claims_Checks_Cleared" time="4.686" classname="Automation.Claims.Claims_Checks_Cleared_RunTest"/>
  <testcase name="Run_Claims_Checks_Cleared" time="4.968" classname="Automation.Claims.Claims_Checks_Cleared_RunTest"/>
  <testcase name="Run_Claims_Checks_Cleared" time="4.767" classname="Automation.Claims.Claims_Checks_Cleared_RunTest"/>
  <testcase name="Run_Claims_Checks_Cleared" time="4.320" classname="Automation.Claims.Claims_Checks_Cleared_RunTest"/>
  <testcase name="Run_Claims_Checks_Cleared" time="4.618" classname="Automation.Claims.Claims_Checks_Cleared_RunTest"/>
  <testcase name="Run_Claims_Checks_Cleared" time="4.374" classname="Automation.Claims.Claims_Checks_Cleared_RunTest"/>
  <testcase name="Run_Claims_Checks_Cleared" time="4.701" classname="Automation.Claims.Claims_Checks_Cleared_RunTest"/>
  <testcase name="Run_Claims_Checks_Cleared" time="4.241" classname="Automation.Claims.Claims_Checks_Cleared_RunTest"/>
  <testcase name="Run_Claims_Checks_Cleared" time="4.392" classname="Automation.Claims.Claims_Checks_Cleared_RunTest"/>
  <testcase name="Run_Claims_Checks_Cleared" time="4.561" classname="Automation.Claims.Claims_Checks_Cleared_RunTest"/>
  <testcase name="Run_Claims_Checks_Cleared" time="5.054" classname="Automation.Claims.Claims_Checks_Cleared_RunTest"/>
  <testcase name="Run_Claims_Checks_Cleared" time="4.614" classname="Automation.Claims.Claims_Checks_Cleared_RunTest"/>
  <testcase name="Run_Claims_Checks_Cleared" time="4.786" classname="Automation.Claims.Claims_Checks_Cleared_RunTest"/>
  <testcase name="Run_Claims_Checks_Cleared" time="4.533" classname="Automation.Claims.Claims_Checks_Cleared_RunTest"/>
  <testcase name="Run_Claims_Checks_Cleared" time="4.698" classname="Automation.Claims.Claims_Checks_Cleared_RunTest"/>
  <testcase name="Run_Claims_Checks_Cleared" time="4.189" classname="Automation.Claims.Claims_Checks_Cleared_RunTest"/>
  <testcase name="Run_Claims_Checks_Cleared" time="4.327" classname="Automation.Claims.Claims_Checks_Cleared_RunTest"/>
  <testcase name="Run_Claims_Checks_Cleared" time="4.354" classname="Automation.Claims.Claims_Checks_Cleared_RunTest"/>
  <testcase name="Run_Claims_Checks_Cleared" time="4.580" classname="Automation.Claims.Claims_Checks_Cleared_RunTest"/>
  <testcase name="Run_Claims_Checks_Cleared" time="4.610" classname="Automation.Claims.Claims_Checks_Cleared_RunTest"/>
  <testcase name="Run_Claims_Checks_Cleared" time="4.516" classname="Automation.Claims.Claims_Checks_Cleared_RunTest"/>
  <testcase name="Run_Claims_Checks_Cleared" time="4.777" classname="Automation.Claims.Claims_Checks_Cleared_RunTest"/>
  <testcase name="Run_Claims_Checks_Cleared" time="4.790" classname="Automation.Claims.Claims_Checks_Cleared_RunTest"/>
  <testcase name="Run_Claims_Checks_Cleared" time="4.679" classname="Automation.Claims.Claims_Checks_Cleared_RunTest"/>
  <testcase name="Run_Claims_Checks_Cleared" time="4.953" classname="Automation.Claims.Claims_Checks_Cleared_RunTest"/>
  <testcase name="Run_Claims_Checks_Cleared" time="4.671" classname="Automation.Claims.Claims_Checks_Cleared_RunTest"/>
  <testcase name="Run_Claims_Checks_Cleared" time="4.284" classname="Automation.Claims.Claims_Checks_Cleared_RunTest"/>
  <testcase name="Run_Claims_Checks_Cleared" time="4.500" classname="Automation.Claims.Claims_Checks_Cleared_RunTest"/>
  <testcase name="Run_Claims_Checks_Cleared" time="4.516" classname="Automation.Claims.Claims_Checks_Cleared_RunTest"/>
  <testcase name="Run_Claims_Checks_Cleared" time="4.446" classname="Automation.Claims.Claims_Checks_Cleared_RunTest"/>
  <testcase name="Run_Claims_Checks_Cleared" time="4.754" classname="Automation.Claims.Claims_Checks_Cleared_RunTest"/>
  <testcase name="Run_Claims_Checks_Cleared" time="4.627" classname="Automation.Claims.Claims_Checks_Cleared_RunTest"/>
  <testcase name="Run_Claims_Checks_Cleared" time="4.900" classname="Automation.Claims.Claims_Checks_Cleared_RunTest"/>
  <testcase name="Run_Claims_Checks_Cleared" time="4.999" classname="Automation.Claims.Claims_Checks_Cleared_RunTest"/>
  <testcase name="Run_Claims_Checks_Cleared" time="4.517" classname="Automation.Claims.Claims_Checks_Cleared_RunTest"/>
  <testcase name="Run_Claims_Checks_Cleared" time="4.108" classname="Automation.Claims.Claims_Checks_Cleared_RunTest"/>
  <testcase name="Run_Claims_Checks_Cleared" time="4.338" classname="Automation.Claims.Claims_Checks_Cleared_RunTest"/>
  <testcase name="Run_Claims_Checks_Cleared" time="5.368" classname="Automation.Claims.Claims_Checks_Cleared_RunTest"/>
  <testcase name="Run_Claims_Checks_Cleared" time="4.893" classname="Automation.Claims.Claims_Checks_Cleared_RunTest"/>
  <testcase name="Run_Claims_Checks_Cleared" time="3.883" classname="Automation.Claims.Claims_Checks_Cleared_RunTest"/>
  <testcase name="Run_Claims_Checks_Cleared" time="4.440" classname="Automation.Claims.Claims_Checks_Cleared_RunTest"/>
  <testcase name="Run_Claims_Checks_Cleared" time="4.373" classname="Automation.Claims.Claims_Checks_Cleared_RunTest"/>
  <testcase name="Run_Claims_Checks_Cleared" time="5.748" classname="Automation.Claims.Claims_Checks_Cleared_RunTest"/>
  <testcase name="Run_Claims_Checks_Cleared" time="4.236" classname="Automation.Claims.Claims_Checks_Cleared_RunTest"/>
  <testcase name="Run_Claims_Checks_Cleared" time="4.716" classname="Automation.Claims.Claims_Checks_Cleared_RunTest"/>
  <testcase name="Run_Claims_Checks_Cleared" time="4.781" classname="Automation.Claims.Claims_Checks_Cleared_RunTest"/>
  <testcase name="Run_Claims_Checks_Cleared" time="4.369" classname="Automation.Claims.Claims_Checks_Cleared_RunTest"/>
  <testcase name="Run_Claims_Checks_Cleared" time="4.693" classname="Automation.Claims.Claims_Checks_Cleared_RunTest"/>
  <testcase name="Run_Claims_Checks_Cleared" time="4.551" classname="Automation.Claims.Claims_Checks_Cleared_RunTest"/>
  <testcase name="Run_Claims_Checks_Cleared" time="4.363" classname="Automation.Claims.Claims_Checks_Cleared_RunTest"/>
  <testcase name="Run_Claims_Checks_Cleared" time="4.906" classname="Automation.Claims.Claims_Checks_Cleared_RunTest"/>
  <testcase name="Run_Claims_Checks_Cleared" time="4.807" classname="Automation.Claims.Claims_Checks_Cleared_RunTest"/>
  <testcase name="Run_Claims_Checks_Cleared" time="4.775" classname="Automation.Claims.Claims_Checks_Cleared_RunTest"/>
  <testcase name="Run_Claims_Checks_Cleared" time="4.589" classname="Automation.Claims.Claims_Checks_Cleared_RunTest"/>
  <testcase name="Run_Claims_Checks_Cleared" time="4.153" classname="Automation.Claims.Claims_Checks_Cleared_RunTest"/>
  <testcase name="Run_Claims_Checks_Cleared" time="4.903" classname="Automation.Claims.Claims_Checks_Cleared_RunTest"/>
  <testcase name="Run_Claims_Checks_Cleared" time="4.786" classname="Automation.Claims.Claims_Checks_Cleared_RunTest"/>
  <testcase name="Run_Claims_Checks_Cleared" time="4.335" classname="Automation.Claims.Claims_Checks_Cleared_RunTest"/>
  <testcase name="Run_Claims_Checks_Cleared" time="4.297" classname="Automation.Claims.Claims_Checks_Cleared_RunTest"/>
  <testcase name="Run_Claims_Checks_Cleared" time="4.168" classname="Automation.Claims.Claims_Checks_Cleared_RunTest"/>
  <testcase name="Run_Claims_Checks_Cleared" time="4.951" classname="Automation.Claims.Claims_Checks_Cleared_RunTest"/>
  <testcase name="Run_Claims_Checks_Cleared" time="4.399" classname="Automation.Claims.Claims_Checks_Cleared_RunTest"/>
  <testcase name="Run_Claims_Checks_Cleared" time="4.976" classname="Automation.Claims.Claims_Checks_Cleared_RunTest"/>
  <testcase name="Run_Claims_Checks_Cleared" time="4.507" classname="Automation.Claims.Claims_Checks_Cleared_RunTest"/>
  <testcase name="Run_Claims_Checks_Cleared" time="4.200" classname="Automation.Claims.Claims_Checks_Cleared_RunTest"/>
  <testcase name="Run_Claims_Checks_Cleared" time="4.969" classname="Automation.Claims.Claims_Checks_Cleared_RunTest"/>
  <testcase name="Run_Claims_Checks_Cleared" time="4.850" classname="Automation.Claims.Claims_Checks_Cleared_RunTest"/>
  <testcase name="Run_Claims_Checks_Cleared" time="4.492" classname="Automation.Claims.Claims_Checks_Cleared_RunTest"/>
  <testcase name="Run_Claims_Checks_Cleared" time="4.266" classname="Automation.Claims.Claims_Checks_Cleared_RunTest"/>
  <testcase name="Run_Claims_Checks_Cleared" time="4.707" classname="Automation.Claims.Claims_Checks_Cleared_RunTest"/>
  <testcase name="Run_Claims_Checks_Cleared" time="4.510" classname="Automation.Claims.Claims_Checks_Cleared_RunTest"/>
  <testcase name="Run_Claims_Checks_Cleared" time="4.210" classname="Automation.Claims.Claims_Checks_Cleared_RunTest"/>
  <testcase name="Run_Claims_Checks_Cleared" time="4.378" classname="Automation.Claims.Claims_Checks_Cleared_RunTest"/>
  <testcase name="Run_Claims_Checks_Cleared" time="4.492" classname="Automation.Claims.Claims_Checks_Cleared_RunTest"/>
  <testcase name="Run_Claims_Checks_Cleared" time="5.293" classname="Automation.Claims.Claims_Checks_Cleared_RunTest"/>
  <testcase name="Run_Claims_Checks_Cleared" time="4.794" classname="Automation.Claims.Claims_Checks_Cleared_RunTest"/>
  <testcase name="Run_Claims_Checks_Cleared" time="4.351" classname="Automation.Claims.Claims_Checks_Cleared_RunTest"/>
  <testcase name="Run_Claims_Checks_Cleared" time="4.626" classname="Automation.Claims.Claims_Checks_Cleared_RunTest"/>
  <testcase name="Run_Claims_Checks_Cleared" time="4.698" classname="Automation.Claims.Claims_Checks_Cleared_RunTest"/>
  <testcase name="Run_Claims_Checks_Cleared" time="5.573" classname="Automation.Claims.Claims_Checks_Cleared_RunTest"/>
  <testcase name="Run_Claims_Checks_Cleared" time="4.535" classname="Automation.Claims.Claims_Checks_Cleared_RunTest"/>
  <testcase name="Run_Claims_Checks_Cleared" time="4.544" classname="Automation.Claims.Claims_Checks_Cleared_RunTest"/>
  <testcase name="Run_Claims_Checks_Cleared" time="4.526" classname="Automation.Claims.Claims_Checks_Cleared_RunTest"/>
  <testcase name="Run_Claims_Checks_Cleared" time="4.658" classname="Automation.Claims.Claims_Checks_Cleared_RunTest"/>
  <testcase name="Run_Claims_Checks_Cleared" time="5.889" classname="Automation.Claims.Claims_Checks_Cleared_RunTest"/>
  <testcase name="Run_Claims_Checks_Cleared" time="4.461" classname="Automation.Claims.Claims_Checks_Cleared_RunTest"/>
  <testcase name="Run_Claims_Checks_Cleared" time="4.830" classname="Automation.Claims.Claims_Checks_Cleared_RunTest"/>
  <testcase name="Run_Claims_Checks_Cleared" time="5.512" classname="Automation.Claims.Claims_Checks_Cleared_RunTest"/>
  <testcase name="Run_Claims_Checks_Cleared" time="4.167" classname="Automation.Claims.Claims_Checks_Cleared_RunTest"/>
  <testcase name="Run_Claims_Checks_Cleared" time="4.891" classname="Automation.Claims.Claims_Checks_Cleared_RunTest"/>
  <testcase name="Run_Claims_Checks_Cleared" time="4.456" classname="Automation.Claims.Claims_Checks_Cleared_RunTest"/>
  <testcase name="Run_Claims_Checks_Cleared" time="4.695" classname="Automation.Claims.Claims_Checks_Cleared_RunTest"/>
  <testcase name="Run_Claims_Checks_Cleared" time="4.739" classname="Automation.Claims.Claims_Checks_Cleared_RunTest"/>
  <testcase name="Run_Claims_Checks_Cleared" time="4.964" classname="Automation.Claims.Claims_Checks_Cleared_RunTest"/>
  <testcase name="Run_Claims_Checks_Cleared" time="5.160" classname="Automation.Claims.Claims_Checks_Cleared_RunTest"/>
  <testcase name="Run_Claims_Checks_Cleared" time="4.381" classname="Automation.Claims.Claims_Checks_Cleared_RunTest"/>
  <testcase name="Run_Claims_Checks_Cleared" time="4.613" classname="Automation.Claims.Claims_Checks_Cleared_RunTest"/>
  <testcase name="Run_Claims_Checks_Cleared" time="4.583" classname="Automation.Claims.Claims_Checks_Cleared_RunTest"/>
  <testcase name="Run_Claims_Checks_Cleared" time="4.186" classname="Automation.Claims.Claims_Checks_Cleared_RunTest"/>
  <testcase name="Run_Claims_Checks_Cleared" time="7.758" classname="Automation.Claims.Claims_Checks_Cleared_RunTest"/>
  <testcase name="Run_Claims_Checks_Cleared" time="4.450" classname="Automation.Claims.Claims_Checks_Cleared_RunTest"/>
  <testcase name="Run_Claims_Checks_Cleared" time="4.150" classname="Automation.Claims.Claims_Checks_Cleared_RunTest"/>
  <testcase name="Run_Claims_Checks_Cleared" time="5.435" classname="Automation.Claims.Claims_Checks_Cleared_RunTest"/>
  <testcase name="Run_Claims_Checks_Cleared" time="4.361" classname="Automation.Claims.Claims_Checks_Cleared_RunTest"/>
  <testcase name="Run_Claims_Checks_Cleared" time="4.468" classname="Automation.Claims.Claims_Checks_Cleared_RunTest"/>
  <testcase name="Run_Claims_Checks_Cleared" time="4.304" classname="Automation.Claims.Claims_Checks_Cleared_RunTest"/>
  <testcase name="Run_Claims_Checks_Cleared" time="4.494" classname="Automation.Claims.Claims_Checks_Cleared_RunTest"/>
  <testcase name="Run_Claims_Checks_Cleared" time="4.554" classname="Automation.Claims.Claims_Checks_Cleared_RunTest"/>
  <testcase name="Run_Claims_Checks_Cleared" time="4.734" classname="Automation.Claims.Claims_Checks_Cleared_RunTest"/>
  <testcase name="Run_Claims_Checks_Cleared" time="5.372" classname="Automation.Claims.Claims_Checks_Cleared_RunTest"/>
  <testcase name="Run_Claims_Checks_Cleared" time="4.481" classname="Automation.Claims.Claims_Checks_Cleared_RunTest"/>
  <testcase name="Run_Claims_Checks_Cleared" time="4.612" classname="Automation.Claims.Claims_Checks_Cleared_RunTest"/>
  <testcase name="Run_Claims_Checks_Cleared" time="4.574" classname="Automation.Claims.Claims_Checks_Cleared_RunTest"/>
  <testcase name="Run_Claims_Checks_Cleared" time="4.450" classname="Automation.Claims.Claims_Checks_Cleared_RunTest"/>
  <testcase name="Run_Claims_Checks_Cleared" time="4.988" classname="Automation.Claims.Claims_Checks_Cleared_RunTest"/>
  <testcase name="Run_Claims_Checks_Cleared" time="4.691" classname="Automation.Claims.Claims_Checks_Cleared_RunTest"/>
  <testcase name="Run_Claims_Checks_Cleared" time="4.694" classname="Automation.Claims.Claims_Checks_Cleared_RunTest"/>
  <testcase name="Run_Claims_Checks_Cleared" time="5.020" classname="Automation.Claims.Claims_Checks_Cleared_RunTest"/>
  <testcase name="Run_Claims_Checks_Cleared" time="4.621" classname="Automation.Claims.Claims_Checks_Cleared_RunTest"/>
  <testcase name="Run_Claims_Checks_Cleared" time="4.504" classname="Automation.Claims.Claims_Checks_Cleared_RunTest"/>
  <testcase name="Run_Claims_Checks_Cleared" time="5.357" classname="Automation.Claims.Claims_Checks_Cleared_RunTest"/>
  <testcase name="Run_Claims_Checks_Cleared" time="5.096" classname="Automation.Claims.Claims_Checks_Cleared_RunTest"/>
  <testcase name="Run_Claims_Checks_Cleared" time="4.642" classname="Automation.Claims.Claims_Checks_Cleared_RunTest"/>
  <testcase name="Run_Claims_Checks_Cleared" time="4.347" classname="Automation.Claims.Claims_Checks_Cleared_RunTest"/>
  <testcase name="Run_Claims_Checks_Cleared" time="4.605" classname="Automation.Claims.Claims_Checks_Cleared_RunTest"/>
  <testcase name="Run_Claims_Checks_Cleared" time="4.735" classname="Automation.Claims.Claims_Checks_Cleared_RunTest"/>
  <testcase name="Run_Claims_Checks_Cleared" time="4.467" classname="Automation.Claims.Claims_Checks_Cleared_RunTest"/>
  <testcase name="Run_Claims_Checks_Cleared" time="5.101" classname="Automation.Claims.Claims_Checks_Cleared_RunTest"/>
  <testcase name="Run_Claims_Checks_Cleared" time="4.317" classname="Automation.Claims.Claims_Checks_Cleared_RunTest"/>
  <testcase name="Run_Claims_Checks_Cleared" time="4.406" classname="Automation.Claims.Claims_Checks_Cleared_RunTest"/>
  <testcase name="Run_Claims_Checks_Cleared" time="4.768" classname="Automation.Claims.Claims_Checks_Cleared_RunTest"/>
  <testcase name="Run_Claims_Checks_Cleared" time="4.290" classname="Automation.Claims.Claims_Checks_Cleared_RunTest"/>
  <testcase name="Run_Claims_Checks_Cleared" time="4.636" classname="Automation.Claims.Claims_Checks_Cleared_RunTest"/>
  <testcase name="Run_Claims_Checks_Cleared" time="4.341" classname="Automation.Claims.Claims_Checks_Cleared_RunTest"/>
  <testcase name="Run_Claims_Checks_Cleared" time="4.349" classname="Automation.Claims.Claims_Checks_Cleared_RunTest"/>
  <testcase name="Run_Claims_Checks_Cleared" time="4.640" classname="Automation.Claims.Claims_Checks_Cleared_RunTest"/>
  <testcase name="Run_Claims_Checks_Cleared" time="4.364" classname="Automation.Claims.Claims_Checks_Cleared_RunTest"/>
  <testcase name="Run_Claims_Checks_Cleared" time="4.640" classname="Automation.Claims.Claims_Checks_Cleared_RunTest"/>
  <testcase name="Run_Claims_Checks_Cleared" time="5.467" classname="Automation.Claims.Claims_Checks_Cleared_RunTest"/>
  <testcase name="Run_Claims_Checks_Cleared" time="4.506" classname="Automation.Claims.Claims_Checks_Cleared_RunTest"/>
  <testcase name="Run_Claims_Checks_Cleared" time="4.723" classname="Automation.Claims.Claims_Checks_Cleared_RunTest"/>
  <testcase name="Run_Claims_Checks_Cleared" time="4.339" classname="Automation.Claims.Claims_Checks_Cleared_RunTest"/>
  <testcase name="Run_Claims_Checks_Cleared" time="4.549" classname="Automation.Claims.Claims_Checks_Cleared_RunTest"/>
  <testcase name="Run_Claims_Checks_Cleared" time="5.298" classname="Automation.Claims.Claims_Checks_Cleared_RunTest"/>
  <testcase name="Run_Claims_Checks_Cleared" time="4.564" classname="Automation.Claims.Claims_Checks_Cleared_RunTest"/>
  <testcase name="Run_Claims_Checks_Cleared" time="4.481" classname="Automation.Claims.Claims_Checks_Cleared_RunTest"/>
  <testcase name="Run_Claims_Checks_Cleared" time="4.590" classname="Automation.Claims.Claims_Checks_Cleared_RunTest"/>
  <testcase name="Run_Claims_Checks_Cleared" time="4.190" classname="Automation.Claims.Claims_Checks_Cleared_RunTest"/>
  <testcase name="Run_Claims_Checks_Cleared" time="4.810" classname="Automation.Claims.Claims_Checks_Cleared_RunTest"/>
  <testcase name="Run_Claims_Checks_Cleared" time="4.849" classname="Automation.Claims.Claims_Checks_Cleared_RunTest"/>
  <testcase name="Run_Claims_Checks_Cleared" time="5.788" classname="Automation.Claims.Claims_Checks_Cleared_RunTest"/>
  <testcase name="Run_Claims_Checks_Cleared" time="5.815" classname="Automation.Claims.Claims_Checks_Cleared_RunTest"/>
  <testcase name="Run_Claims_Checks_Cleared" time="4.742" classname="Automation.Claims.Claims_Checks_Cleared_RunTest"/>
  <testcase name="Run_Claims_Checks_Cleared" time="4.932" classname="Automation.Claims.Claims_Checks_Cleared_RunTest"/>
  <testcase name="Run_Claims_Checks_Cleared" time="5.922" classname="Automation.Claims.Claims_Checks_Cleared_RunTest"/>
  <testcase name="Run_Claims_Checks_Cleared" time="4.451" classname="Automation.Claims.Claims_Checks_Cleared_RunTest"/>
  <testcase name="Run_Claims_Checks_Cleared" time="4.340" classname="Automation.Claims.Claims_Checks_Cleared_RunTest"/>
  <testcase name="Run_Claims_Checks_Cleared" time="3.965" classname="Automation.Claims.Claims_Checks_Cleared_RunTest"/>
  <testcase name="Run_Claims_Checks_Cleared" time="4.331" classname="Automation.Claims.Claims_Checks_Cleared_RunTest"/>
  <testcase name="Run_Claims_Checks_Cleared" time="4.566" classname="Automation.Claims.Claims_Checks_Cleared_RunTest"/>
  <testcase name="Run_Claims_Checks_Cleared" time="4.886" classname="Automation.Claims.Claims_Checks_Cleared_RunTest"/>
  <testcase name="Run_Claims_Checks_Cleared" time="4.933" classname="Automation.Claims.Claims_Checks_Cleared_RunTest"/>
  <testcase name="Run_Claims_Checks_Cleared" time="4.495" classname="Automation.Claims.Claims_Checks_Cleared_RunTest"/>
  <testcase name="Run_Claims_Checks_Cleared" time="4.839" classname="Automation.Claims.Claims_Checks_Cleared_RunTest"/>
  <testcase name="Run_Claims_Checks_Cleared" time="4.845" classname="Automation.Claims.Claims_Checks_Cleared_RunTest"/>
  <testcase name="Run_Claims_Checks_Cleared" time="5.635" classname="Automation.Claims.Claims_Checks_Cleared_RunTest"/>
  <testcase name="Run_Claims_Checks_Cleared" time="4.781" classname="Automation.Claims.Claims_Checks_Cleared_RunTest"/>
  <testcase name="Run_Claims_Checks_Cleared" time="5.210" classname="Automation.Claims.Claims_Checks_Cleared_RunTest"/>
  <testcase name="Run_Claims_Checks_Cleared" time="4.963" classname="Automation.Claims.Claims_Checks_Cleared_RunTest"/>
  <testcase name="Run_Claims_Checks_Cleared" time="4.657" classname="Automation.Claims.Claims_Checks_Cleared_RunTest"/>
  <testcase name="Run_Claims_Checks_Cleared" time="4.839" classname="Automation.Claims.Claims_Checks_Cleared_RunTest"/>
  <testcase name="Run_Claims_Checks_Cleared" time="4.550" classname="Automation.Claims.Claims_Checks_Cleared_RunTest"/>
  <testcase name="Run_Claims_Checks_Cleared" time="4.722" classname="Automation.Claims.Claims_Checks_Cleared_RunTest"/>
  <testcase name="Run_Claims_Checks_Cleared" time="4.285" classname="Automation.Claims.Claims_Checks_Cleared_RunTest"/>
  <testcase name="Run_Claims_Checks_Cleared" time="5.000" classname="Automation.Claims.Claims_Checks_Cleared_RunTest"/>
  <testcase name="Run_Claims_Checks_Cleared" time="4.898" classname="Automation.Claims.Claims_Checks_Cleared_RunTest"/>
  <testcase name="Run_Claims_Checks_Cleared" time="5.248" classname="Automation.Claims.Claims_Checks_Cleared_RunTest"/>
  <testcase name="Run_Claims_Checks_Cleared" time="4.793" classname="Automation.Claims.Claims_Checks_Cleared_RunTest"/>
  <testcase name="Run_Claims_Checks_Cleared" time="4.683" classname="Automation.Claims.Claims_Checks_Cleared_RunTest"/>
  <testcase name="Run_Claims_Checks_Cleared" time="4.525" classname="Automation.Claims.Claims_Checks_Cleared_RunTest"/>
  <testcase name="Run_Claims_Checks_Cleared" time="4.719" classname="Automation.Claims.Claims_Checks_Cleared_RunTest"/>
  <testcase name="Run_Claims_Checks_Cleared" time="5.071" classname="Automation.Claims.Claims_Checks_Cleared_RunTest"/>
  <testcase name="Run_Claims_Checks_Cleared" time="4.418" classname="Automation.Claims.Claims_Checks_Cleared_RunTest"/>
  <testcase name="Run_Claims_Checks_Cleared" time="5.161" classname="Automation.Claims.Claims_Checks_Cleared_RunTest"/>
  <testcase name="Run_Claims_Checks_Cleared" time="4.908" classname="Automation.Claims.Claims_Checks_Cleared_RunTest"/>
  <testcase name="Run_Claims_Checks_Cleared" time="4.966" classname="Automation.Claims.Claims_Checks_Cleared_RunTest"/>
  <testcase name="Run_Claims_Checks_Cleared" time="5.446" classname="Automation.Claims.Claims_Checks_Cleared_RunTest"/>
  <testcase name="Run_Claims_Checks_Cleared" time="4.550" classname="Automation.Claims.Claims_Checks_Cleared_RunTest"/>
  <testcase name="Run_Claims_Checks_Cleared" time="4.532" classname="Automation.Claims.Claims_Checks_Cleared_RunTest"/>
  <testcase name="Run_Claims_Checks_Cleared" time="4.476" classname="Automation.Claims.Claims_Checks_Cleared_RunTest"/>
  <testcase name="Run_Claims_Checks_Cleared" time="4.938" classname="Automation.Claims.Claims_Checks_Cleared_RunTest"/>
  <testcase name="Run_Claims_Checks_Cleared" time="4.425" classname="Automation.Claims.Claims_Checks_Cleared_RunTest"/>
  <testcase name="Run_Claims_Checks_Cleared" time="5.054" classname="Automation.Claims.Claims_Checks_Cleared_RunTest"/>
  <testcase name="Run_Claims_Checks_Cleared" time="5.268" classname="Automation.Claims.Claims_Checks_Cleared_RunTest"/>
  <testcase name="Run_Claims_Checks_Cleared" time="5.135" classname="Automation.Claims.Claims_Checks_Cleared_RunTest"/>
  <testcase name="Run_Claims_Checks_Cleared" time="4.213" classname="Automation.Claims.Claims_Checks_Cleared_RunTest"/>
  <testcase name="Run_Claims_Checks_Cleared" time="4.661" classname="Automation.Claims.Claims_Checks_Cleared_RunTest"/>
  <testcase name="Run_Claims_Checks_Cleared" time="4.286" classname="Automation.Claims.Claims_Checks_Cleared_RunTest"/>
  <testcase name="Run_Claims_Checks_Cleared" time="4.782" classname="Automation.Claims.Claims_Checks_Cleared_RunTest"/>
  <testcase name="Run_Claims_Checks_Cleared" time="4.325" classname="Automation.Claims.Claims_Checks_Cleared_RunTest"/>
  <testcase name="Run_Claims_Checks_Cleared" time="4.682" classname="Automation.Claims.Claims_Checks_Cleared_RunTest"/>
  <testcase name="Run_Claims_Checks_Cleared" time="4.316" classname="Automation.Claims.Claims_Checks_Cleared_RunTest"/>
  <testcase name="Run_Claims_Checks_Cleared" time="4.543" classname="Automation.Claims.Claims_Checks_Cleared_RunTest"/>
  <testcase name="Run_Claims_Checks_Cleared" time="4.399" classname="Automation.Claims.Claims_Checks_Cleared_RunTest"/>
  <testcase name="Run_Claims_Checks_Cleared" time="4.994" classname="Automation.Claims.Claims_Checks_Cleared_RunTest"/>
  <testcase name="Run_Claims_Checks_Cleared" time="5.332" classname="Automation.Claims.Claims_Checks_Cleared_RunTest"/>
  <testcase name="Run_Claims_Checks_Cleared" time="4.989" classname="Automation.Claims.Claims_Checks_Cleared_RunTest"/>
  <testcase name="Run_Claims_Checks_Cleared" time="4.374" classname="Automation.Claims.Claims_Checks_Cleared_RunTest"/>
  <testcase name="Run_Claims_Checks_Cleared" time="4.724" classname="Automation.Claims.Claims_Checks_Cleared_RunTest"/>
  <testcase name="Run_Claims_Checks_Cleared" time="4.433" classname="Automation.Claims.Claims_Checks_Cleared_RunTest"/>
  <testcase name="Run_Claims_Checks_Cleared" time="4.675" classname="Automation.Claims.Claims_Checks_Cleared_RunTest"/>
  <testcase name="Run_Claims_Checks_Cleared" time="4.603" classname="Automation.Claims.Claims_Checks_Cleared_RunTest"/>
  <testcase name="Run_Claims_Checks_Cleared" time="4.306" classname="Automation.Claims.Claims_Checks_Cleared_RunTest"/>
  <testcase name="Run_Claims_Checks_Cleared" time="4.953" classname="Automation.Claims.Claims_Checks_Cleared_RunTest"/>
  <testcase name="Run_Claims_Checks_Cleared" time="4.728" classname="Automation.Claims.Claims_Checks_Cleared_RunTest"/>
  <testcase name="Run_Claims_Checks_Cleared" time="6.279" classname="Automation.Claims.Claims_Checks_Cleared_RunTest"/>
  <testcase name="Run_Claims_Checks_Cleared" time="5.222" classname="Automation.Claims.Claims_Checks_Cleared_RunTest"/>
  <testcase name="Run_Claims_Checks_Cleared" time="4.352" classname="Automation.Claims.Claims_Checks_Cleared_RunTest"/>
  <testcase name="Run_Claims_Checks_Cleared" time="4.656" classname="Automation.Claims.Claims_Checks_Cleared_RunTest"/>
  <testcase name="Run_Claims_Checks_Cleared" time="6.506" classname="Automation.Claims.Claims_Checks_Cleared_RunTest"/>
  <testcase name="Run_Claims_Checks_Cleared" time="4.638" classname="Automation.Claims.Claims_Checks_Cleared_RunTest"/>
  <testcase name="Run_Claims_Checks_Cleared" time="5.058" classname="Automation.Claims.Claims_Checks_Cleared_RunTest"/>
  <testcase name="Run_Claims_Checks_Cleared" time="4.865" classname="Automation.Claims.Claims_Checks_Cleared_RunTest"/>
  <testcase name="Run_Claims_Checks_Cleared" time="4.771" classname="Automation.Claims.Claims_Checks_Cleared_RunTest"/>
  <testcase name="Run_Claims_Checks_Cleared" time="4.740" classname="Automation.Claims.Claims_Checks_Cleared_RunTest"/>
  <testcase name="Run_Claims_Checks_Cleared" time="4.549" classname="Automation.Claims.Claims_Checks_Cleared_RunTest"/>
  <testcase name="Run_Claims_Checks_Cleared" time="4.764" classname="Automation.Claims.Claims_Checks_Cleared_RunTest"/>
  <testcase name="Run_Claims_Checks_Cleared" time="4.781" classname="Automation.Claims.Claims_Checks_Cleared_RunTest"/>
  <testcase name="Run_Claims_Checks_Cleared" time="4.728" classname="Automation.Claims.Claims_Checks_Cleared_RunTest"/>
  <testcase name="Run_Claims_Checks_Cleared" time="4.493" classname="Automation.Claims.Claims_Checks_Cleared_RunTest"/>
  <testcase name="Run_Claims_Checks_Cleared" time="4.570" classname="Automation.Claims.Claims_Checks_Cleared_RunTest"/>
  <testcase name="Run_Claims_Checks_Cleared" time="4.426" classname="Automation.Claims.Claims_Checks_Cleared_RunTest"/>
  <testcase name="Run_Claims_Checks_Cleared" time="4.462" classname="Automation.Claims.Claims_Checks_Cleared_RunTest"/>
  <testcase name="Run_Claims_Checks_Cleared" time="4.431" classname="Automation.Claims.Claims_Checks_Cleared_RunTest"/>
  <testcase name="Run_Claims_Checks_Cleared" time="5.272" classname="Automation.Claims.Claims_Checks_Cleared_RunTest"/>
  <testcase name="Run_Claims_Checks_Cleared" time="4.553" classname="Automation.Claims.Claims_Checks_Cleared_RunTest"/>
  <testcase name="Run_Claims_Checks_Cleared" time="4.556" classname="Automation.Claims.Claims_Checks_Cleared_RunTest"/>
  <testcase name="Run_Claims_Checks_Cleared" time="5.150" classname="Automation.Claims.Claims_Checks_Cleared_RunTest"/>
  <testcase name="Run_Claims_Checks_Cleared" time="4.515" classname="Automation.Claims.Claims_Checks_Cleared_RunTest"/>
  <testcase name="Run_Claims_Checks_Cleared" time="4.645" classname="Automation.Claims.Claims_Checks_Cleared_RunTest"/>
  <testcase name="Run_Claims_Checks_Cleared" time="4.612" classname="Automation.Claims.Claims_Checks_Cleared_RunTest"/>
  <testcase name="Run_Claims_Checks_Cleared" time="4.711" classname="Automation.Claims.Claims_Checks_Cleared_RunTest"/>
  <testcase name="Run_Claims_Checks_Cleared" time="4.973" classname="Automation.Claims.Claims_Checks_Cleared_RunTest"/>
  <testcase name="Run_Claims_Checks_Cleared" time="4.651" classname="Automation.Claims.Claims_Checks_Cleared_RunTest"/>
  <testcase name="Run_Claims_Checks_Cleared" time="6.624" classname="Automation.Claims.Claims_Checks_Cleared_RunTest"/>
  <testcase name="Run_Claims_Checks_Cleared" time="4.437" classname="Automation.Claims.Claims_Checks_Cleared_RunTest"/>
  <testcase name="Run_Claims_Checks_Cleared" time="5.094" classname="Automation.Claims.Claims_Checks_Cleared_RunTest"/>
  <testcase name="Run_Claims_Checks_Cleared" time="4.289" classname="Automation.Claims.Claims_Checks_Cleared_RunTest"/>
  <testcase name="Run_Claims_Checks_Cleared" time="5.510" classname="Automation.Claims.Claims_Checks_Cleared_RunTest"/>
  <testcase name="Run_Claims_Checks_Cleared" time="4.400" classname="Automation.Claims.Claims_Checks_Cleared_RunTest"/>
  <testcase name="Run_Claims_Checks_Cleared" time="4.948" classname="Automation.Claims.Claims_Checks_Cleared_RunTest"/>
  <testcase name="Run_Claims_Checks_Cleared" time="4.839" classname="Automation.Claims.Claims_Checks_Cleared_RunTest"/>
  <testcase name="Run_Claims_Checks_Cleared" time="4.977" classname="Automation.Claims.Claims_Checks_Cleared_RunTest"/>
  <testcase name="Run_Claims_Checks_Cleared" time="4.459" classname="Automation.Claims.Claims_Checks_Cleared_RunTest"/>
  <testcase name="Run_Claims_Checks_Cleared" time="4.615" classname="Automation.Claims.Claims_Checks_Cleared_RunTest"/>
  <testcase name="Run_Claims_Checks_Cleared" time="4.598" classname="Automation.Claims.Claims_Checks_Cleared_RunTest"/>
  <testcase name="Run_Claims_Checks_Cleared" time="4.466" classname="Automation.Claims.Claims_Checks_Cleared_RunTest"/>
  <testcase name="Run_Claims_Checks_Cleared" time="4.466" classname="Automation.Claims.Claims_Checks_Cleared_RunTest"/>
  <testcase name="Run_Claims_Checks_Cleared" time="5.497" classname="Automation.Claims.Claims_Checks_Cleared_RunTest"/>
  <testcase name="Run_Claims_Checks_Cleared" time="4.427" classname="Automation.Claims.Claims_Checks_Cleared_RunTest"/>
  <testcase name="Run_Claims_Checks_Cleared" time="4.360" classname="Automation.Claims.Claims_Checks_Cleared_RunTest"/>
  <testcase name="Run_Claims_Checks_Cleared" time="4.757" classname="Automation.Claims.Claims_Checks_Cleared_RunTest"/>
  <testcase name="Run_Claims_Checks_Cleared" time="5.110" classname="Automation.Claims.Claims_Checks_Cleared_RunTest"/>
  <testcase name="Run_Claims_Checks_Cleared" time="4.671" classname="Automation.Claims.Claims_Checks_Cleared_RunTest"/>
  <testcase name="Run_Claims_Checks_Cleared" time="4.386" classname="Automation.Claims.Claims_Checks_Cleared_RunTest"/>
  <testcase name="Run_Claims_Checks_Cleared" time="4.372" classname="Automation.Claims.Claims_Checks_Cleared_RunTest"/>
  <testcase name="Run_Claims_Checks_Cleared" time="5.214" classname="Automation.Claims.Claims_Checks_Cleared_RunTest"/>
  <testcase name="Run_Claims_Checks_Cleared" time="4.421" classname="Automation.Claims.Claims_Checks_Cleared_RunTest"/>
  <testcase name="Run_Claims_Checks_Cleared" time="4.489" classname="Automation.Claims.Claims_Checks_Cleared_RunTest"/>
  <testcase name="Run_Claims_Checks_Cleared" time="5.190" classname="Automation.Claims.Claims_Checks_Cleared_RunTest"/>
  <testcase name="Run_Claims_Checks_Cleared" time="4.025" classname="Automation.Claims.Claims_Checks_Cleared_RunTest"/>
  <testcase name="Run_Claims_Checks_Cleared" time="4.705" classname="Automation.Claims.Claims_Checks_Cleared_RunTest"/>
  <testcase name="Run_Claims_Checks_Cleared" time="4.641" classname="Automation.Claims.Claims_Checks_Cleared_RunTest"/>
  <testcase name="Run_Claims_Checks_Cleared" time="4.454" classname="Automation.Claims.Claims_Checks_Cleared_RunTest"/>
  <testcase name="Run_Claims_Checks_Cleared" time="4.388" classname="Automation.Claims.Claims_Checks_Cleared_RunTest"/>
  <testcase name="Run_Claims_Checks_Cleared" time="4.841" classname="Automation.Claims.Claims_Checks_Cleared_RunTest"/>
  <testcase name="Run_Claims_Checks_Cleared" time="4.629" classname="Automation.Claims.Claims_Checks_Cleared_RunTest"/>
  <testcase name="Run_Claims_Checks_Cleared" time="4.469" classname="Automation.Claims.Claims_Checks_Cleared_RunTest"/>
  <testcase name="Run_Claims_Checks_Cleared" time="4.570" classname="Automation.Claims.Claims_Checks_Cleared_RunTest"/>
  <testcase name="Run_Claims_Checks_Cleared" time="4.625" classname="Automation.Claims.Claims_Checks_Cleared_RunTest"/>
  <testcase name="Run_Claims_Checks_Cleared" time="4.393" classname="Automation.Claims.Claims_Checks_Cleared_RunTest"/>
  <testcase name="Run_Claims_Checks_Cleared" time="4.251" classname="Automation.Claims.Claims_Checks_Cleared_RunTest"/>
  <testcase name="Run_Claims_Checks_Cleared" time="4.395" classname="Automation.Claims.Claims_Checks_Cleared_RunTest"/>
  <testcase name="Run_Claims_Checks_Cleared" time="4.755" classname="Automation.Claims.Claims_Checks_Cleared_RunTest"/>
  <testcase name="Run_Claims_Checks_Cleared" time="4.379" classname="Automation.Claims.Claims_Checks_Cleared_RunTest"/>
  <testcase name="Run_Claims_Checks_Cleared" time="4.672" classname="Automation.Claims.Claims_Checks_Cleared_RunTest"/>
  <testcase name="Run_Claims_Checks_Cleared" time="4.361" classname="Automation.Claims.Claims_Checks_Cleared_RunTest"/>
  <testcase name="Run_Claims_Checks_Cleared" time="5.444" classname="Automation.Claims.Claims_Checks_Cleared_RunTest"/>
  <testcase name="Run_Claims_Checks_Cleared" time="4.794" classname="Automation.Claims.Claims_Checks_Cleared_RunTest"/>
  <testcase name="Run_Claims_Checks_Cleared" time="4.276" classname="Automation.Claims.Claims_Checks_Cleared_RunTest"/>
  <testcase name="Run_Claims_Checks_Cleared" time="4.475" classname="Automation.Claims.Claims_Checks_Cleared_RunTest"/>
  <testcase name="Run_Claims_Checks_Cleared" time="4.770" classname="Automation.Claims.Claims_Checks_Cleared_RunTest"/>
  <testcase name="Run_Claims_Checks_Cleared" time="4.535" classname="Automation.Claims.Claims_Checks_Cleared_RunTest"/>
  <testcase name="Run_Claims_Checks_Cleared" time="4.641" classname="Automation.Claims.Claims_Checks_Cleared_RunTest"/>
  <testcase name="Run_Claims_Checks_Cleared" time="4.903" classname="Automation.Claims.Claims_Checks_Cleared_RunTest"/>
  <testcase name="Run_Claims_Checks_Cleared" time="4.888" classname="Automation.Claims.Claims_Checks_Cleared_RunTest"/>
  <testcase name="Run_Claims_Checks_Cleared" time="6.386" classname="Automation.Claims.Claims_Checks_Cleared_RunTest"/>
  <testcase name="Run_Claims_Checks_Cleared" time="4.681" classname="Automation.Claims.Claims_Checks_Cleared_RunTest"/>
  <testcase name="Run_Claims_Checks_Cleared" time="4.883" classname="Automation.Claims.Claims_Checks_Cleared_RunTest"/>
  <testcase name="Run_Claims_Checks_Cleared" time="6.041" classname="Automation.Claims.Claims_Checks_Cleared_RunTest"/>
  <testcase name="Run_Claims_Checks_Cleared" time="4.595" classname="Automation.Claims.Claims_Checks_Cleared_RunTest"/>
  <testcase name="Run_Claims_Checks_Cleared" time="4.030" classname="Automation.Claims.Claims_Checks_Cleared_RunTest"/>
  <testcase name="Run_Claims_Checks_Cleared" time="5.238" classname="Automation.Claims.Claims_Checks_Cleared_RunTest"/>
  <testcase name="Run_Claims_Checks_Cleared" time="4.967" classname="Automation.Claims.Claims_Checks_Cleared_RunTest"/>
  <testcase name="Run_Claims_Checks_Cleared" time="4.407" classname="Automation.Claims.Claims_Checks_Cleared_RunTest"/>
  <testcase name="Run_Claims_Checks_Cleared" time="4.792" classname="Automation.Claims.Claims_Checks_Cleared_RunTest"/>
  <testcase name="Run_Claims_Checks_Cleared" time="4.475" classname="Automation.Claims.Claims_Checks_Cleared_RunTest"/>
  <testcase name="Run_Claims_Checks_Cleared" time="4.611" classname="Automation.Claims.Claims_Checks_Cleared_RunTest"/>
  <testcase name="Run_Claims_Checks_Cleared" time="4.626" classname="Automation.Claims.Claims_Checks_Cleared_RunTest"/>
  <testcase name="Run_Claims_Checks_Cleared" time="4.625" classname="Automation.Claims.Claims_Checks_Cleared_RunTest"/>
  <testcase name="Run_Claims_Checks_Cleared" time="4.742" classname="Automation.Claims.Claims_Checks_Cleared_RunTest"/>
  <testcase name="Run_Claims_Checks_Cleared" time="4.838" classname="Automation.Claims.Claims_Checks_Cleared_RunTest"/>
  <testcase name="Run_Claims_Checks_Cleared" time="4.368" classname="Automation.Claims.Claims_Checks_Cleared_RunTest"/>
  <testcase name="Run_Claims_Checks_Cleared" time="4.188" classname="Automation.Claims.Claims_Checks_Cleared_RunTest"/>
  <testcase name="Run_Claims_Checks_Cleared" time="4.440" classname="Automation.Claims.Claims_Checks_Cleared_RunTest"/>
  <testcase name="Run_Claims_Checks_Cleared" time="4.546" classname="Automation.Claims.Claims_Checks_Cleared_RunTest"/>
  <testcase name="Run_Claims_Checks_Cleared" time="5.344" classname="Automation.Claims.Claims_Checks_Cleared_RunTest"/>
  <testcase name="Run_Claims_Checks_Cleared" time="4.576" classname="Automation.Claims.Claims_Checks_Cleared_RunTest"/>
  <testcase name="Run_Claims_Checks_Cleared" time="4.686" classname="Automation.Claims.Claims_Checks_Cleared_RunTest"/>
  <testcase name="Run_Claims_Checks_Cleared" time="4.434" classname="Automation.Claims.Claims_Checks_Cleared_RunTest"/>
  <testcase name="Run_Claims_Checks_Cleared" time="4.638" classname="Automation.Claims.Claims_Checks_Cleared_RunTest"/>
  <testcase name="Run_Claims_Checks_Cleared" time="4.313" classname="Automation.Claims.Claims_Checks_Cleared_RunTest"/>
  <testcase name="Run_Claims_Checks_Cleared" time="4.299" classname="Automation.Claims.Claims_Checks_Cleared_RunTest"/>
  <testcase name="Run_Claims_Checks_Cleared" time="4.795" classname="Automation.Claims.Claims_Checks_Cleared_RunTest"/>
  <testcase name="Run_Claims_Checks_Cleared" time="4.703" classname="Automation.Claims.Claims_Checks_Cleared_RunTest"/>
  <testcase name="Run_Claims_Checks_Cleared" time="4.726" classname="Automation.Claims.Claims_Checks_Cleared_RunTest"/>
  <testcase name="Run_Claims_Checks_Cleared" time="4.541" classname="Automation.Claims.Claims_Checks_Cleared_RunTest"/>
  <testcase name="Run_Claims_Checks_Cleared" time="4.574" classname="Automation.Claims.Claims_Checks_Cleared_RunTest"/>
  <testcase name="Run_Claims_Checks_Cleared" time="4.943" classname="Automation.Claims.Claims_Checks_Cleared_RunTest"/>
  <testcase name="Run_Claims_Checks_Cleared" time="4.768" classname="Automation.Claims.Claims_Checks_Cleared_RunTest"/>
  <testcase name="Run_Claims_Checks_Cleared" time="4.729" classname="Automation.Claims.Claims_Checks_Cleared_RunTest"/>
  <testcase name="Run_Claims_Checks_Cleared" time="4.614" classname="Automation.Claims.Claims_Checks_Cleared_RunTest"/>
  <testcase name="Run_Claims_Checks_Cleared" time="4.249" classname="Automation.Claims.Claims_Checks_Cleared_RunTest"/>
  <testcase name="Run_Claims_Checks_Cleared" time="4.658" classname="Automation.Claims.Claims_Checks_Cleared_RunTest"/>
  <testcase name="Run_Claims_Checks_Cleared" time="5.742" classname="Automation.Claims.Claims_Checks_Cleared_RunTest"/>
  <testcase name="Run_Claims_Checks_Cleared" time="5.269" classname="Automation.Claims.Claims_Checks_Cleared_RunTest"/>
  <testcase name="Run_Claims_Checks_Cleared" time="5.425" classname="Automation.Claims.Claims_Checks_Cleared_RunTest"/>
  <testcase name="Run_Claims_Checks_Cleared" time="5.269" classname="Automation.Claims.Claims_Checks_Cleared_RunTest"/>
  <testcase name="Run_Claims_Checks_Cleared" time="4.681" classname="Automation.Claims.Claims_Checks_Cleared_RunTest"/>
  <testcase name="Run_Claims_Checks_Cleared" time="4.332" classname="Automation.Claims.Claims_Checks_Cleared_RunTest"/>
  <testcase name="Run_Claims_Checks_Cleared" time="4.765" classname="Automation.Claims.Claims_Checks_Cleared_RunTest"/>
  <testcase name="Run_Claims_Checks_Cleared" time="4.672" classname="Automation.Claims.Claims_Checks_Cleared_RunTest"/>
  <testcase name="Run_Claims_Checks_Cleared" time="4.776" classname="Automation.Claims.Claims_Checks_Cleared_RunTest"/>
  <testcase name="Run_Claims_Checks_Cleared" time="4.295" classname="Automation.Claims.Claims_Checks_Cleared_RunTest"/>
  <testcase name="Run_Claims_Checks_Cleared" time="4.346" classname="Automation.Claims.Claims_Checks_Cleared_RunTest"/>
  <testcase name="Run_Claims_Checks_Cleared" time="4.182" classname="Automation.Claims.Claims_Checks_Cleared_RunTest"/>
  <testcase name="Run_Claims_Checks_Cleared" time="4.662" classname="Automation.Claims.Claims_Checks_Cleared_RunTest"/>
  <testcase name="Run_Claims_Checks_Cleared" time="5.092" classname="Automation.Claims.Claims_Checks_Cleared_RunTest"/>
  <testcase name="Run_Claims_Checks_Cleared" time="6.015" classname="Automation.Claims.Claims_Checks_Cleared_RunTest"/>
  <testcase name="Run_Claims_Checks_Cleared" time="4.602" classname="Automation.Claims.Claims_Checks_Cleared_RunTest"/>
  <testcase name="Run_Claims_Checks_Cleared" time="5.956" classname="Automation.Claims.Claims_Checks_Cleared_RunTest"/>
  <testcase name="Run_Claims_Checks_Cleared" time="4.223" classname="Automation.Claims.Claims_Checks_Cleared_RunTest"/>
  <testcase name="Run_Claims_Checks_Cleared" time="4.484" classname="Automation.Claims.Claims_Checks_Cleared_RunTest"/>
  <testcase name="Run_Claims_Checks_Cleared" time="4.383" classname="Automation.Claims.Claims_Checks_Cleared_RunTest"/>
  <testcase name="Run_Claims_Checks_Cleared" time="5.369" classname="Automation.Claims.Claims_Checks_Cleared_RunTest"/>
  <testcase name="Run_Claims_Checks_Cleared" time="4.575" classname="Automation.Claims.Claims_Checks_Cleared_RunTest"/>
  <testcase name="Run_Claims_Checks_Cleared" time="4.851" classname="Automation.Claims.Claims_Checks_Cleared_RunTest"/>
  <testcase name="Run_Claims_Checks_Cleared" time="4.223" classname="Automation.Claims.Claims_Checks_Cleared_RunTest"/>
  <testcase name="Run_Claims_Checks_Cleared" time="4.696" classname="Automation.Claims.Claims_Checks_Cleared_RunTest"/>
  <testcase name="Run_Claims_Checks_Cleared" time="4.281" classname="Automation.Claims.Claims_Checks_Cleared_RunTest"/>
  <testcase name="Run_Claims_Checks_Cleared" time="5.757" classname="Automation.Claims.Claims_Checks_Cleared_RunTest"/>
  <testcase name="Run_Claims_Checks_Cleared" time="4.480" classname="Automation.Claims.Claims_Checks_Cleared_RunTest"/>
  <testcase name="Run_Claims_Checks_Cleared" time="4.832" classname="Automation.Claims.Claims_Checks_Cleared_RunTest"/>
  <testcase name="Run_Claims_Checks_Cleared" time="5.854" classname="Automation.Claims.Claims_Checks_Cleared_RunTest"/>
  <testcase name="Run_Claims_Checks_Cleared" time="6.088" classname="Automation.Claims.Claims_Checks_Cleared_RunTest"/>
  <testcase name="Run_Claims_Checks_Cleared" time="5.104" classname="Automation.Claims.Claims_Checks_Cleared_RunTest"/>
  <testcase name="Run_Claims_Checks_Cleared" time="4.969" classname="Automation.Claims.Claims_Checks_Cleared_RunTest"/>
  <testcase name="Run_Claims_Checks_Cleared" time="4.459" classname="Automation.Claims.Claims_Checks_Cleared_RunTest"/>
  <testcase name="Run_Claims_Checks_Cleared" time="4.432" classname="Automation.Claims.Claims_Checks_Cleared_RunTest"/>
  <testcase name="Run_Claims_Checks_Cleared" time="4.787" classname="Automation.Claims.Claims_Checks_Cleared_RunTest"/>
  <testcase name="Run_Claims_Checks_Cleared" time="4.689" classname="Automation.Claims.Claims_Checks_Cleared_RunTest"/>
  <testcase name="Run_Claims_Checks_Cleared" time="4.218" classname="Automation.Claims.Claims_Checks_Cleared_RunTest"/>
  <testcase name="Run_Claims_Checks_Cleared" time="4.753" classname="Automation.Claims.Claims_Checks_Cleared_RunTest"/>
  <testcase name="Run_Claims_Checks_Cleared" time="6.652" classname="Automation.Claims.Claims_Checks_Cleared_RunTest"/>
  <testcase name="Run_Claims_Checks_Cleared" time="4.377" classname="Automation.Claims.Claims_Checks_Cleared_RunTest"/>
  <testcase name="Run_Claims_Checks_Cleared" time="4.393" classname="Automation.Claims.Claims_Checks_Cleared_RunTest"/>
  <testcase name="Run_Claims_Checks_Cleared" time="5.887" classname="Automation.Claims.Claims_Checks_Cleared_RunTest"/>
  <testcase name="Run_Claims_Checks_Cleared" time="4.683" classname="Automation.Claims.Claims_Checks_Cleared_RunTest"/>
  <testcase name="Run_Claims_Checks_Cleared" time="5.816" classname="Automation.Claims.Claims_Checks_Cleared_RunTest"/>
  <testcase name="Run_Claims_Checks_Cleared" time="4.269" classname="Automation.Claims.Claims_Checks_Cleared_RunTest"/>
  <testcase name="Run_Claims_Checks_Cleared" time="4.418" classname="Automation.Claims.Claims_Checks_Cleared_RunTest"/>
  <testcase name="Run_Claims_Checks_Cleared" time="4.322" classname="Automation.Claims.Claims_Checks_Cleared_RunTest"/>
  <testcase name="Run_Claims_Checks_Cleared" time="4.727" classname="Automation.Claims.Claims_Checks_Cleared_RunTest"/>
  <testcase name="Run_Claims_Checks_Cleared" time="4.833" classname="Automation.Claims.Claims_Checks_Cleared_RunTest"/>
  <testcase name="Run_Claims_Checks_Cleared" time="4.777" classname="Automation.Claims.Claims_Checks_Cleared_RunTest"/>
  <testcase name="Run_Claims_Checks_Cleared" time="4.308" classname="Automation.Claims.Claims_Checks_Cleared_RunTest"/>
  <testcase name="Run_Claims_Checks_Cleared" time="4.218" classname="Automation.Claims.Claims_Checks_Cleared_RunTest"/>
  <testcase name="Run_Claims_Checks_Cleared" time="4.216" classname="Automation.Claims.Claims_Checks_Cleared_RunTest"/>
  <testcase name="Run_Claims_Checks_Cleared" time="4.431" classname="Automation.Claims.Claims_Checks_Cleared_RunTest"/>
  <testcase name="Run_Claims_Checks_Cleared" time="5.519" classname="Automation.Claims.Claims_Checks_Cleared_RunTest"/>
[...]
  <testcase name="Run_Claims_Checks_Cleared" time="4.869" classname="Automation.Claims.Claims_Checks_Cleared_RunTest"/>
  <testcase name="Run_Claims_Checks_Cleared" time="5.447" classname="Automation.Claims.Claims_Checks_Cleared_RunTest"/>
  <testcase name="Run_Claims_Checks_Cleared" time="4.566" classname="Automation.Claims.Claims_Checks_Cleared_RunTest"/>
  <testcase name="Run_Claims_Checks_Cleared" time="4.509" classname="Automation.Claims.Claims_Checks_Cleared_RunTest"/>
  <testcase name="Run_Claims_Checks_Cleared" time="4.470" classname="Automation.Claims.Claims_Checks_Cleared_RunTest"/>
  <testcase name="Run_Claims_Checks_Cleared" time="4.913" classname="Automation.Claims.Claims_Checks_Cleared_RunTest"/>
  <testcase name="Run_Claims_Checks_Cleared" time="4.411" classname="Automation.Claims.Claims_Checks_Cleared_RunTest"/>
  <testcase name="Run_Claims_Checks_Cleared" time="4.374" classname="Automation.Claims.Claims_Checks_Cleared_RunTest"/>
  <testcase name="Run_Claims_Checks_Cleared" time="5.692" classname="Automation.Claims.Claims_Checks_Cleared_RunTest"/>
  <testcase name="Run_Claims_Checks_Cleared" time="4.656" classname="Automation.Claims.Claims_Checks_Cleared_RunTest"/>
  <testcase name="Run_Claims_Checks_Cleared" time="4.812" classname="Automation.Claims.Claims_Checks_Cleared_RunTest"/>
  <testcase name="Run_Claims_Checks_Cleared" time="4.245" classname="Automation.Claims.Claims_Checks_Cleared_RunTest"/>
  <testcase name="Run_Claims_Checks_Cleared" time="4.761" classname="Automation.Claims.Claims_Checks_Cleared_RunTest"/>
  <testcase name="Run_Claims_Checks_Cleared" time="4.646" classname="Automation.Claims.Claims_Checks_Cleared_RunTest"/>
  <testcase name="Run_Claims_Checks_Cleared" time="4.408" classname="Automation.Claims.Claims_Checks_Cleared_RunTest"/>
  <testcase name="Run_Claims_Checks_Cleared" time="4.455" classname="Automation.Claims.Claims_Checks_Cleared_RunTest"/>
  <testcase name="Run_Claims_Checks_Cleared" time="4.758" classname="Automation.Claims.Claims_Checks_Cleared_RunTest"/>
  <testcase name="Run_Claims_Checks_Cleared" time="4.487" classname="Automation.Claims.Claims_Checks_Cleared_RunTest"/>
  <testcase name="Run_Claims_Checks_Cleared" time="4.443" classname="Automation.Claims.Claims_Checks_Cleared_RunTest"/>
  <testcase name="Run_Claims_Checks_Cleared" time="4.588" classname="Automation.Claims.Claims_Checks_Cleared_RunTest"/>
  <testcase name="Run_Claims_Checks_Cleared" time="4.299" classname="Automation.Claims.Claims_Checks_Cleared_RunTest"/>
  <testcase name="Run_Claims_Checks_Cleared" time="4.631" classname="Automation.Claims.Claims_Checks_Cleared_RunTest"/>
  <testcase name="Run_Claims_Checks_Cleared" time="4.461" classname="Automation.Claims.Claims_Checks_Cleared_RunTest"/>
  <testcase name="Run_Claims_Checks_Cleared" time="4.605" classname="Automation.Claims.Claims_Checks_Cleared_RunTest"/>
  <testcase name="Run_Claims_Checks_Cleared" time="5.084" classname="Automation.Claims.Claims_Checks_Cleared_RunTest"/>
  <testcase name="Run_Claims_Checks_Cleared" time="4.415" classname="Automation.Claims.Claims_Checks_Cleared_RunTest"/>
  <testcase name="Run_Claims_Checks_Cleared" time="5.431" classname="Automation.Claims.Claims_Checks_Cleared_RunTest"/>
  <testcase name="Run_Claims_Checks_Cleared" time="4.456" classname="Automation.Claims.Claims_Checks_Cleared_RunTest"/>
  <testcase name="Run_Claims_Checks_Cleared" time="4.475" classname="Automation.Claims.Claims_Checks_Cleared_RunTest"/>
  <testcase name="Run_Claims_Checks_Cleared" time="4.366" classname="Automation.Claims.Claims_Checks_Cleared_RunTest"/>
  <testcase name="Run_Claims_Checks_Cleared" time="4.511" classname="Automation.Claims.Claims_Checks_Cleared_RunTest"/>
  <testcase name="Run_Claims_Checks_Cleared" time="4.735" classname="Automation.Claims.Claims_Checks_Cleared_RunTest"/>
  <testcase name="Run_Claims_Checks_Cleared" time="4.481" classname="Automation.Claims.Claims_Checks_Cleared_RunTest"/>
  <testcase name="Run_Claims_Checks_Cleared" time="4.674" classname="Automation.Claims.Claims_Checks_Cleared_RunTest"/>
  <testcase name="Run_Claims_Checks_Cleared" time="4.838" classname="Automation.Claims.Claims_Checks_Cleared_RunTest"/>
  <testcase name="Run_Claims_Checks_Cleared" time="5.027" classname="Automation.Claims.Claims_Checks_Cleared_RunTest"/>
  <testcase name="Run_Claims_Checks_Cleared" time="4.610" classname="Automation.Claims.Claims_Checks_Cleared_RunTest"/>
  <testcase name="Run_Claims_Checks_Cleared" time="4.842" classname="Automation.Claims.Claims_Checks_Cleared_RunTest"/>
  <testcase name="Run_Claims_Checks_Cleared" time="3.880" classname="Automation.Claims.Claims_Checks_Cleared_RunTest"/>
  <testcase name="Run_Claims_Checks_Cleared" time="4.747" classname="Automation.Claims.Claims_Checks_Cleared_RunTest"/>
  <testcase name="Run_Claims_Checks_Cleared" time="4.584" classname="Automation.Claims.Claims_Checks_Cleared_RunTest"/>
  <testcase name="Run_Claims_Checks_Cleared" time="4.800" classname="Automation.Claims.Claims_Checks_Cleared_RunTest"/>
  <testcase name="Run_Claims_Checks_Cleared" time="4.408" classname="Automation.Claims.Claims_Checks_Cleared_RunTest"/>
  <testcase name="Run_Claims_Checks_Cleared" time="4.879" classname="Automation.Claims.Claims_Checks_Cleared_RunTest"/>
  <testcase name="Run_Claims_Checks_Cleared" time="4.697" classname="Automation.Claims.Claims_Checks_Cleared_RunTest"/>
  <testcase name="Run_Claims_Checks_Cleared" time="4.586" classname="Automation.Claims.Claims_Checks_Cleared_RunTest"/>
  <testcase name="Run_Claims_Checks_Cleared" time="4.403" classname="Automation.Claims.Claims_Checks_Cleared_RunTest"/>
  <testcase name="Run_Claims_Checks_Cleared" time="4.673" classname="Automation.Claims.Claims_Checks_Cleared_RunTest"/>
  <testcase name="Run_Claims_Checks_Cleared" time="5.734" classname="Automation.Claims.Claims_Checks_Cleared_RunTest"/>
  <testcase name="Run_Claims_Checks_Cleared" time="4.326" classname="Automation.Claims.Claims_Checks_Cleared_RunTest"/>
  <testcase name="Run_Claims_Checks_Cleared" time="4.555" classname="Automation.Claims.Claims_Checks_Cleared_RunTest"/>
  <testcase name="Run_Claims_Checks_Cleared" time="4.239" classname="Automation.Claims.Claims_Checks_Cleared_RunTest"/>
  <testcase name="Run_Claims_Checks_Cleared" time="4.548" classname="Automation.Claims.Claims_Checks_Cleared_RunTest"/>
  <testcase name="Run_Claims_Checks_Cleared" time="4.202" classname="Automation.Claims.Claims_Checks_Cleared_RunTest"/>
  <testcase name="Run_Claims_Checks_Cleared" time="4.589" classname="Automation.Claims.Claims_Checks_Cleared_RunTest"/>
  <testcase name="Run_Claims_Checks_Cleared" time="4.274" classname="Automation.Claims.Claims_Checks_Cleared_RunTest"/>
  <testcase name="Run_Claims_Checks_Cleared" time="4.615" classname="Automation.Claims.Claims_Checks_Cleared_RunTest"/>
  <testcase name="Run_Claims_Checks_Cleared" time="4.480" classname="Automation.Claims.Claims_Checks_Cleared_RunTest"/>
  <testcase name="Run_Claims_Checks_Cleared" time="5.001" classname="Automation.Claims.Claims_Checks_Cleared_RunTest"/>
  <testcase name="Run_Claims_Checks_Cleared" time="4.437" classname="Automation.Claims.Claims_Checks_Cleared_RunTest"/>
  <testcase name="Run_Claims_Checks_Cleared" time="4.724" classname="Automation.Claims.Claims_Checks_Cleared_RunTest"/>
  <testcase name="Run_Claims_Checks_Cleared" time="4.223" classname="Automation.Claims.Claims_Checks_Cleared_RunTest"/>
  <testcase name="Run_Claims_Checks_Cleared" time="4.570" classname="Automation.Claims.Claims_Checks_Cleared_RunTest"/>
  <testcase name="Run_Claims_Checks_Cleared" time="4.426" classname="Automation.Claims.Claims_Checks_Cleared_RunTest"/>
  <testcase name="Run_Claims_Checks_Cleared" time="4.469" classname="Automation.Claims.Claims_Checks_Cleared_RunTest"/>
  <testcase name="Run_Claims_Checks_Cleared" time="4.979" classname="Automation.Claims.Claims_Checks_Cleared_RunTest"/>
  <testcase name="Run_Claims_Checks_Cleared" time="4.446" classname="Automation.Claims.Claims_Checks_Cleared_RunTest"/>
  <testcase name="Run_Claims_Checks_Cleared" time="4.375" classname="Automation.Claims.Claims_Checks_Cleared_RunTest"/>
  <testcase name="Run_Claims_Checks_Cleared" time="4.590" classname="Automation.Claims.Claims_Checks_Cleared_RunTest"/>
  <testcase name="Run_Claims_Checks_Cleared" time="4.393" classname="Automation.Claims.Claims_Checks_Cleared_RunTest"/>
  <testcase name="Run_Claims_Checks_Cleared" time="4.459" classname="Automation.Claims.Claims_Checks_Cleared_RunTest"/>
  <testcase name="Run_Claims_Checks_Cleared" time="5.084" classname="Automation.Claims.Claims_Checks_Cleared_RunTest"/>
  <testcase name="Run_Claims_Checks_Cleared" time="4.313" classname="Automation.Claims.Claims_Checks_Cleared_RunTest"/>
  <testcase name="Run_Claims_Checks_Cleared" time="7.435" classname="Automation.Claims.Claims_Checks_Cleared_RunTest"/>
  <testcase name="Run_Claims_Checks_Cleared" time="5.471" classname="Automation.Claims.Claims_Checks_Cleared_RunTest"/>
  <testcase name="Run_Claims_Checks_Cleared" time="5.063" classname="Automation.Claims.Claims_Checks_Cleared_RunTest"/>
  <testcase name="Run_Claims_Checks_Cleared" time="4.721" classname="Automation.Claims.Claims_Checks_Cleared_RunTest"/>
  <testcase name="Run_Claims_Checks_Cleared" time="5.017" classname="Automation.Claims.Claims_Checks_Cleared_RunTest"/>
  <testcase name="Run_Claims_Checks_Cleared" time="4.409" classname="Automation.Claims.Claims_Checks_Cleared_RunTest"/>
  <testcase name="Run_Claims_Checks_Cleared" time="4.360" classname="Automation.Claims.Claims_Checks_Cleared_RunTest"/>
  <testcase name="Run_Claims_Checks_Cleared" time="4.471" classname="Automation.Claims.Claims_Checks_Cleared_RunTest"/>
  <testcase name="Run_Claims_Checks_Cleared" time="5.035" classname="Automation.Claims.Claims_Checks_Cleared_RunTest"/>
  <testcase name="Run_Claims_Checks_Cleared" time="4.633" classname="Automation.Claims.Claims_Checks_Cleared_RunTest"/>
  <testcase name="Run_Claims_Checks_Cleared" time="5.084" classname="Automation.Claims.Claims_Checks_Cleared_RunTest"/>
  <testcase name="Run_Claims_Checks_Cleared" time="4.468" classname="Automation.Claims.Claims_Checks_Cleared_RunTest"/>
  <testcase name="Run_Claims_Checks_Cleared" time="4.253" classname="Automation.Claims.Claims_Checks_Cleared_RunTest"/>
  <testcase name="Run_Claims_Checks_Cleared" time="4.765" classname="Automation.Claims.Claims_Checks_Cleared_RunTest"/>
  <testcase name="Run_Claims_Checks_Cleared" time="4.418" classname="Automation.Claims.Claims_Checks_Cleared_RunTest"/>
  <testcase name="Run_Claims_Checks_Cleared" time="4.824" classname="Automation.Claims.Claims_Checks_Cleared_RunTest"/>
  <testcase name="Run_Claims_Checks_Cleared" time="4.311" classname="Automation.Claims.Claims_Checks_Cleared_RunTest"/>
  <testcase name="Run_Claims_Checks_Cleared" time="4.765" classname="Automation.Claims.Claims_Checks_Cleared_RunTest"/>
  <testcase name="Run_Claims_Checks_Cleared" time="5.005" classname="Automation.Claims.Claims_Checks_Cleared_RunTest"/>
  <testcase name="Run_Claims_Checks_Cleared" time="5.943" classname="Automation.Claims.Claims_Checks_Cleared_RunTest"/>
  <testcase name="Run_Claims_Checks_Cleared" time="4.899" classname="Automation.Claims.Claims_Checks_Cleared_RunTest"/>
  <testcase name="Run_Claims_Checks_Cleared" time="5.064" classname="Automation.Claims.Claims_Checks_Cleared_RunTest"/>
  <testcase name="Run_Claims_Checks_Cleared" time="5.835" classname="Automation.Claims.Claims_Checks_Cleared_RunTest"/>
  <testcase name="Run_Claims_Checks_Cleared" time="5.653" classname="Automation.Claims.Claims_Checks_Cleared_RunTest"/>
  <testcase name="Run_Claims_Checks_Cleared" time="4.493" classname="Automation.Claims.Claims_Checks_Cleared_RunTest"/>
  <testcase name="Run_Claims_Checks_Cleared" time="5.846" classname="Automation.Claims.Claims_Checks_Cleared_RunTest"/>
  <testcase name="Run_Claims_Checks_Cleared" time="4.478" classname="Automation.Claims.Claims_Checks_Cleared_RunTest"/>
  <testcase name="Run_Claims_Checks_Cleared" time="4.481" classname="Automation.Claims.Claims_Checks_Cleared_RunTest"/>
  <testcase name="Run_Claims_Checks_Cleared" time="4.524" classname="Automation.Claims.Claims_Checks_Cleared_RunTest"/>
  <testcase name="Run_Claims_Checks_Cleared" time="4.354" classname="Automation.Claims.Claims_Checks_Cleared_RunTest"/>
  <testcase name="Run_Claims_Checks_Cleared" time="4.711" classname="Automation.Claims.Claims_Checks_Cleared_RunTest"/>
  <testcase name="Run_Claims_Checks_Cleared" time="4.490" classname="Automation.Claims.Claims_Checks_Cleared_RunTest"/>
  <testcase name="Run_Claims_Checks_Cleared" time="4.388" classname="Automation.Claims.Claims_Checks_Cleared_RunTest"/>
  <testcase name="Run_Claims_Checks_Cleared" time="4.568" classname="Automation.Claims.Claims_Checks_Cleared_RunTest"/>
  <testcase name="Run_Claims_Checks_Cleared" time="4.510" classname="Automation.Claims.Claims_Checks_Cleared_RunTest"/>
  <testcase name="Run_Claims_Checks_Cleared" time="5.273" classname="Automation.Claims.Claims_Checks_Cleared_RunTest"/>
  <testcase name="Run_Claims_Checks_Cleared" time="4.404" classname="Automation.Claims.Claims_Checks_Cleared_RunTest"/>
  <testcase name="Run_Claims_Checks_Cleared" time="4.450" classname="Automation.Claims.Claims_Checks_Cleared_RunTest"/>
  <testcase name="Run_Claims_Checks_Cleared" time="5.251" classname="Automation.Claims.Claims_Checks_Cleared_RunTest"/>
  <testcase name="Run_Claims_Checks_Cleared" time="4.790" classname="Automation.Claims.Claims_Checks_Cleared_RunTest"/>
  <testcase name="Run_Claims_Checks_Cleared" time="4.168" classname="Automation.Claims.Claims_Checks_Cleared_RunTest"/>
  <testcase name="Run_Claims_Checks_Cleared" time="4.642" classname="Automation.Claims.Claims_Checks_Cleared_RunTest"/>
  <testcase name="Run_Claims_Checks_Cleared" time="4.421" classname="Automation.Claims.Claims_Checks_Cleared_RunTest"/>
  <testcase name="Run_Claims_Checks_Cleared" time="4.380" classname="Automation.Claims.Claims_Checks_Cleared_RunTest"/>
  <testcase name="Run_Claims_Checks_Cleared" time="4.631" classname="Automation.Claims.Claims_Checks_Cleared_RunTest"/>
  <testcase name="Run_Claims_Checks_Cleared" time="4.133" classname="Automation.Claims.Claims_Checks_Cleared_RunTest"/>
  <testcase name="Run_Claims_Checks_Cleared" time="4.516" classname="Automation.Claims.Claims_Checks_Cleared_RunTest"/>
  <testcase name="Run_Claims_Checks_Cleared" time="4.575" classname="Automation.Claims.Claims_Checks_Cleared_RunTest"/>
  <testcase name="Run_Claims_Checks_Cleared" time="4.278" classname="Automation.Claims.Claims_Checks_Cleared_RunTest"/>
  <testcase name="Run_Claims_Checks_Cleared" time="4.748" classname="Automation.Claims.Claims_Checks_Cleared_RunTest"/>
  <testcase name="Run_Claims_Checks_Cleared" time="5.467" classname="Automation.Claims.Claims_Checks_Cleared_RunTest"/>
  <testcase name="Run_Claims_Checks_Cleared" time="4.626" classname="Automation.Claims.Claims_Checks_Cleared_RunTest"/>
  <testcase name="Run_Claims_Checks_Cleared" time="4.959" classname="Automation.Claims.Claims_Checks_Cleared_RunTest"/>
  <testcase name="Run_Claims_Checks_Cleared" time="5.372" classname="Automation.Claims.Claims_Checks_Cleared_RunTest"/>
  <testcase name="Run_Claims_Checks_Cleared" time="4.457" classname="Automation.Claims.Claims_Checks_Cleared_RunTest"/>
  <testcase name="Run_Claims_Checks_Cleared" time="4.501" classname="Automation.Claims.Claims_Checks_Cleared_RunTest"/>
  <testcase name="Run_Claims_Checks_Cleared" time="5.430" classname="Automation.Claims.Claims_Checks_Cleared_RunTest"/>
  <testcase name="Run_Claims_Checks_Cleared" time="5.613" classname="Automation.Claims.Claims_Checks_Cleared_RunTest"/>
  <testcase name="Run_Claims_Checks_Cleared" time="4.722" classname="Automation.Claims.Claims_Checks_Cleared_RunTest"/>
  <testcase name="Run_Claims_Checks_Cleared" time="4.476" classname="Automation.Claims.Claims_Checks_Cleared_RunTest"/>
  <testcase name="Run_Claims_Checks_Cleared" time="5.769" classname="Automation.Claims.Claims_Checks_Cleared_RunTest"/>
  <testcase name="Run_Claims_Checks_Cleared" time="4.710" classname="Automation.Claims.Claims_Checks_Cleared_RunTest"/>
  <testcase name="Run_Claims_Checks_Cleared" time="4.392" classname="Automation.Claims.Claims_Checks_Cleared_RunTest"/>
  <testcase name="Run_Claims_Checks_Cleared" time="4.630" classname="Automation.Claims.Claims_Checks_Cleared_RunTest"/>
  <testcase name="Run_Claims_Checks_Cleared" time="4.607" classname="Automation.Claims.Claims_Checks_Cleared_RunTest"/>
  <testcase name="Run_Claims_Checks_Cleared" time="5.145" classname="Automation.Claims.Claims_Checks_Cleared_RunTest"/>
  <testcase name="Run_Claims_Checks_Cleared" time="4.519" classname="Automation.Claims.Claims_Checks_Cleared_RunTest"/>
  <testcase name="Run_Claims_Checks_Cleared" time="6.036" classname="Automation.Claims.Claims_Checks_Cleared_RunTest"/>
  <testcase name="Run_Claims_Checks_Cleared" time="4.599" classname="Automation.Claims.Claims_Checks_Cleared_RunTest"/>
  <testcase name="Run_Claims_Checks_Cleared" time="4.326" classname="Automation.Claims.Claims_Checks_Cleared_RunTest"/>
  <testcase name="Run_Claims_Checks_Cleared" time="5.276" classname="Automation.Claims.Claims_Checks_Cleared_RunTest"/>
  <testcase name="Run_Claims_Checks_Cleared" time="4.855" classname="Automation.Claims.Claims_Checks_Cleared_RunTest"/>
  <testcase name="Run_Claims_Checks_Cleared" time="5.580" classname="Automation.Claims.Claims_Checks_Cleared_RunTest"/>
  <testcase name="Run_Claims_Checks_Cleared" time="4.351" classname="Automation.Claims.Claims_Checks_Cleared_RunTest"/>
  <testcase name="Run_Claims_Checks_Cleared" time="4.366" classname="Automation.Claims.Claims_Checks_Cleared_RunTest"/>
  <testcase name="Run_Claims_Checks_Cleared" time="4.527" classname="Automation.Claims.Claims_Checks_Cleared_RunTest"/>
  <testcase name="Run_Claims_Checks_Cleared" time="4.312" classname="Automation.Claims.Claims_Checks_Cleared_RunTest"/>
  <testcase name="Run_Claims_Checks_Cleared" time="4.484" classname="Automation.Claims.Claims_Checks_Cleared_RunTest"/>
  <testcase name="Run_Claims_Checks_Cleared" time="5.586" classname="Automation.Claims.Claims_Checks_Cleared_RunTest"/>
  <testcase name="Run_Claims_Checks_Cleared" time="4.776" classname="Automation.Claims.Claims_Checks_Cleared_RunTest"/>
  <testcase name="Run_Claims_Checks_Cleared" time="4.164" classname="Automation.Claims.Claims_Checks_Cleared_RunTest"/>
  <testcase name="Run_Claims_Checks_Cleared" time="5.142" classname="Automation.Claims.Claims_Checks_Cleared_RunTest"/>
  <testcase name="Run_Claims_Checks_Cleared" time="4.502" classname="Automation.Claims.Claims_Checks_Cleared_RunTest"/>
  <testcase name="Run_Claims_Checks_Cleared" time="4.712" classname="Automation.Claims.Claims_Checks_Cleared_RunTest"/>
  <testcase name="Run_Claims_Checks_Cleared" time="4.348" classname="Automation.Claims.Claims_Checks_Cleared_RunTest"/>
  <testcase name="Run_Claims_Checks_Cleared" time="4.663" classname="Automation.Claims.Claims_Checks_Cleared_RunTest"/>
  <testcase name="Run_Claims_Checks_Cleared" time="4.264" classname="Automation.Claims.Claims_Checks_Cleared_RunTest"/>
  <testcase name="Run_Claims_Checks_Cleared" time="4.787" classname="Automation.Claims.Claims_Checks_Cleared_RunTest"/>
  <testcase name="Run_Claims_Checks_Cleared" time="4.314" classname="Automation.Claims.Claims_Checks_Cleared_RunTest"/>
  <testcase name="Run_Claims_Checks_Cleared" time="4.587" classname="Automation.Claims.Claims_Checks_Cleared_RunTest"/>
  <testcase name="Run_Claims_Checks_Cleared" time="4.622" classname="Automation.Claims.Claims_Checks_Cleared_RunTest"/>
  <testcase name="Run_Claims_Checks_Cleared" time="5.611" classname="Automation.Claims.Claims_Checks_Cleared_RunTest"/>
  <testcase name="Run_Claims_Checks_Cleared" time="4.579" classname="Automation.Claims.Claims_Checks_Cleared_RunTest"/>
</testsuite> <!-- Automation.Claims.Claims_Checks_Cleared_RunTest -->
